This is pdfTeX, Version 3.14159265-2.6-1.40.20 (MiKTeX 2.9.7250 64-bit) (preloaded format=pdflatex 2020.9.6)  11 APR 2022 15:27
entering extended mode
**./main.tex
(main.tex
LaTeX2e <2019-10-01> patch level 3
(C:\Users\usuario\AppData\Local\Programs\MiKTeX2.9\tex/latex/base\book.cls
Document Class: book 2019/10/25 v1.4k Standard LaTeX document class
(C:\Users\usuario\AppData\Local\Programs\MiKTeX2.9\tex/latex/base\bk10.clo
File: bk10.clo 2019/10/25 v1.4k Standard LaTeX file (size option)
)
\c@part=\count80
\c@chapter=\count81
\c@section=\count82
\c@subsection=\count83
\c@subsubsection=\count84
\c@paragraph=\count85
\c@subparagraph=\count86
\c@figure=\count87
\c@table=\count88
\abovecaptionskip=\skip41
\belowcaptionskip=\skip42
\bibindent=\dimen102
)
(C:\Users\usuario\AppData\Local\Programs\MiKTeX2.9\tex/latex/biblatex\biblatex.
sty
Package: biblatex 2019/08/31 v3.13a programmable bibliographies (PK/MW)

(C:\Users\usuario\AppData\Local\Programs\MiKTeX2.9\tex/latex/pdftexcmds\pdftexc
mds.sty
Package: pdftexcmds 2019/11/24 v0.31 Utility functions of pdfTeX for LuaTeX (HO
)

(C:\Users\usuario\AppData\Local\Programs\MiKTeX2.9\tex/generic/oberdiek\infware
rr.sty
Package: infwarerr 2016/05/16 v1.4 Providing info/warning/error messages (HO)
)
(C:\Users\usuario\AppData\Local\Programs\MiKTeX2.9\tex/generic/iftex\iftex.sty
Package: iftex 2019/11/07 v1.0c TeX engine tests
)
(C:\Users\usuario\AppData\Local\Programs\MiKTeX2.9\tex/generic/oberdiek\ltxcmds
.sty
Package: ltxcmds 2016/05/16 v1.23 LaTeX kernel commands for general use (HO)
)
Package pdftexcmds Info: \pdf@primitive is available.
Package pdftexcmds Info: \pdf@ifprimitive is available.
Package pdftexcmds Info: \pdfdraftmode found.
)
(C:\Users\usuario\AppData\Local\Programs\MiKTeX2.9\tex/latex/etoolbox\etoolbox.
sty
Package: etoolbox 2019/09/21 v2.5h e-TeX tools for LaTeX (JAW)
\etb@tempcnta=\count89
)
(C:\Users\usuario\AppData\Local\Programs\MiKTeX2.9\tex/latex/graphics\keyval.st
y
Package: keyval 2014/10/28 v1.15 key=value parser (DPC)
\KV@toks@=\toks14
)
(C:\Users\usuario\AppData\Local\Programs\MiKTeX2.9\tex/latex/oberdiek\kvoptions
.sty
Package: kvoptions 2016/05/16 v3.12 Key value format for package options (HO)

(C:\Users\usuario\AppData\Local\Programs\MiKTeX2.9\tex/generic/oberdiek\kvsetke
ys.sty
Package: kvsetkeys 2016/05/16 v1.17 Key value parser (HO)

(C:\Users\usuario\AppData\Local\Programs\MiKTeX2.9\tex/generic/oberdiek\etexcmd
s.sty
Package: etexcmds 2016/05/16 v1.6 Avoid name clashes with e-TeX commands (HO)

(C:\Users\usuario\AppData\Local\Programs\MiKTeX2.9\tex/generic/iftex\ifluatex.s
ty
Package: ifluatex 2019/10/25 v1.5 ifluatex legacy package. Use iftex instead.
))))
(C:\Users\usuario\AppData\Local\Programs\MiKTeX2.9\tex/latex/logreq\logreq.sty
Package: logreq 2010/08/04 v1.0 xml request logger
\lrq@indent=\count90

(C:\Users\usuario\AppData\Local\Programs\MiKTeX2.9\tex/latex/logreq\logreq.def
File: logreq.def 2010/08/04 v1.0 logreq spec v1.0
)) (C:\Users\usuario\AppData\Local\Programs\MiKTeX2.9\tex/latex/base\ifthen.sty
Package: ifthen 2014/09/29 v1.1c Standard LaTeX ifthen package (DPC)
) (C:\Users\usuario\AppData\Local\Programs\MiKTeX2.9\tex/latex/url\url.sty
\Urlmuskip=\muskip10
Package: url 2013/09/16  ver 3.4  Verb mode for urls, etc.
)
\c@tabx@nest=\count91
\c@listtotal=\count92
\c@listcount=\count93
\c@liststart=\count94
\c@liststop=\count95
\c@citecount=\count96
\c@citetotal=\count97
\c@multicitecount=\count98
\c@multicitetotal=\count99
\c@instcount=\count100
\c@maxnames=\count101
\c@minnames=\count102
\c@maxitems=\count103
\c@minitems=\count104
\c@citecounter=\count105
\c@maxcitecounter=\count106
\c@savedcitecounter=\count107
\c@uniquelist=\count108
\c@uniquename=\count109
\c@refsection=\count110
\c@refsegment=\count111
\c@maxextratitle=\count112
\c@maxextratitleyear=\count113
\c@maxextraname=\count114
\c@maxextradate=\count115
\c@maxextraalpha=\count116
\c@abbrvpenalty=\count117
\c@highnamepenalty=\count118
\c@lownamepenalty=\count119
\c@maxparens=\count120
\c@parenlevel=\count121
\blx@tempcnta=\count122
\blx@tempcntb=\count123
\blx@tempcntc=\count124
\blx@maxsection=\count125
\blx@maxsegment@0=\count126
\blx@notetype=\count127
\blx@parenlevel@text=\count128
\blx@parenlevel@foot=\count129
\blx@sectionciteorder@0=\count130
\blx@entrysetcounter=\count131
\labelnumberwidth=\skip43
\labelalphawidth=\skip44
\biblabelsep=\skip45
\bibitemsep=\skip46
\bibnamesep=\skip47
\bibinitsep=\skip48
\bibparsep=\skip49
\bibhang=\skip50
\blx@bcfin=\read1
\blx@bcfout=\write3
\blx@langwohyphens=\language78
\c@mincomprange=\count132
\c@maxcomprange=\count133
\c@mincompwidth=\count134
Package biblatex Info: Trying to load biblatex default data model...
Package biblatex Info: ... file 'blx-dm.def' found.

(C:\Users\usuario\AppData\Local\Programs\MiKTeX2.9\tex/latex/biblatex\blx-dm.de
f
File: blx-dm.def 2019/08/31 v3.13a biblatex localization (PK/MW)
)
Package biblatex Info: Trying to load biblatex style data model...
Package biblatex Info: ... file 'alphabetic.dbx' not found.
Package biblatex Info: Trying to load biblatex custom data model...
Package biblatex Info: ... file 'biblatex-dm.cfg' not found.
\c@afterword=\count135
\c@savedafterword=\count136
\c@annotator=\count137
\c@savedannotator=\count138
\c@author=\count139
\c@savedauthor=\count140
\c@bookauthor=\count141
\c@savedbookauthor=\count142
\c@commentator=\count143
\c@savedcommentator=\count144
\c@editor=\count145
\c@savededitor=\count146
\c@editora=\count147
\c@savededitora=\count148
\c@editorb=\count149
\c@savededitorb=\count150
\c@editorc=\count151
\c@savededitorc=\count152
\c@foreword=\count153
\c@savedforeword=\count154
\c@holder=\count155
\c@savedholder=\count156
\c@introduction=\count157
\c@savedintroduction=\count158
\c@namea=\count159
\c@savednamea=\count160
\c@nameb=\count161
\c@savednameb=\count162
\c@namec=\count163
\c@savednamec=\count164
\c@translator=\count165
\c@savedtranslator=\count166
\c@shortauthor=\count167
\c@savedshortauthor=\count168
\c@shorteditor=\count169
\c@savedshorteditor=\count170
\c@labelname=\count171
\c@savedlabelname=\count172
\c@institution=\count173
\c@savedinstitution=\count174
\c@lista=\count175
\c@savedlista=\count176
\c@listb=\count177
\c@savedlistb=\count178
\c@listc=\count179
\c@savedlistc=\count180
\c@listd=\count181
\c@savedlistd=\count182
\c@liste=\count183
\c@savedliste=\count184
\c@listf=\count185
\c@savedlistf=\count186
\c@location=\count187
\c@savedlocation=\count188
\c@organization=\count189
\c@savedorganization=\count190
\c@origlocation=\count191
\c@savedoriglocation=\count192
\c@origpublisher=\count193
\c@savedorigpublisher=\count194
\c@publisher=\count195
\c@savedpublisher=\count196
\c@language=\count197
\c@savedlanguage=\count198
\c@origlanguage=\count199
\c@savedoriglanguage=\count266
\c@pageref=\count267
\c@savedpageref=\count268
\shorthandwidth=\skip51
\shortjournalwidth=\skip52
\shortserieswidth=\skip53
\shorttitlewidth=\skip54
\shortauthorwidth=\skip55
\shorteditorwidth=\skip56
\locallabelnumberwidth=\skip57
\locallabelalphawidth=\skip58
\localshorthandwidth=\skip59
\localshortjournalwidth=\skip60
\localshortserieswidth=\skip61
\localshorttitlewidth=\skip62
\localshortauthorwidth=\skip63
\localshorteditorwidth=\skip64
Package biblatex Info: Trying to load compatibility code...
Package biblatex Info: ... file 'blx-compat.def' found.

(C:\Users\usuario\AppData\Local\Programs\MiKTeX2.9\tex/latex/biblatex\blx-compa
t.def
File: blx-compat.def 2019/08/31 v3.13a biblatex compatibility (PK/MW)
)
Package biblatex Info: Trying to load generic definitions...
Package biblatex Info: ... file 'biblatex.def' found.

(C:\Users\usuario\AppData\Local\Programs\MiKTeX2.9\tex/latex/biblatex\biblatex.
def
File: biblatex.def 2019/08/31 v3.13a biblatex compatibility (PK/MW)
\c@textcitecount=\count269
\c@textcitetotal=\count270
\c@textcitemaxnames=\count271
\c@biburlbigbreakpenalty=\count272
\c@biburlbreakpenalty=\count273
\c@biburlnumpenalty=\count274
\c@biburlucpenalty=\count275
\c@biburllcpenalty=\count276
\biburlbigskip=\muskip11
\biburlnumskip=\muskip12
\biburlucskip=\muskip13
\biburllcskip=\muskip14
\c@smartand=\count277
)
Package biblatex Info: Trying to load bibliography style 'alphabetic'...
Package biblatex Info: ... file 'alphabetic.bbx' found.

(C:\Users\usuario\AppData\Local\Programs\MiKTeX2.9\tex/latex/biblatex/bbx\alpha
betic.bbx
File: alphabetic.bbx 2019/08/31 v3.13a biblatex bibliography style (PK/MW)
Package biblatex Info: Trying to load bibliography style 'standard'...
Package biblatex Info: ... file 'standard.bbx' found.

(C:\Users\usuario\AppData\Local\Programs\MiKTeX2.9\tex/latex/biblatex/bbx\stand
ard.bbx
File: standard.bbx 2019/08/31 v3.13a biblatex bibliography style (PK/MW)
\c@bbx:relatedcount=\count278
\c@bbx:relatedtotal=\count279
))
Package biblatex Info: Trying to load citation style 'alphabetic'...
Package biblatex Info: ... file 'alphabetic.cbx' found.

(C:\Users\usuario\AppData\Local\Programs\MiKTeX2.9\tex/latex/biblatex/cbx\alpha
betic.cbx
File: alphabetic.cbx 2019/08/31 v3.13a biblatex citation style (PK/MW)
Package biblatex Info: Redefining '\cite'.
Package biblatex Info: Redefining '\parencite'.
Package biblatex Info: Redefining '\footcite'.
Package biblatex Info: Redefining '\footcitetext'.
Package biblatex Info: Redefining '\smartcite'.
Package biblatex Info: Redefining '\textcite'.
Package biblatex Info: Redefining '\textcites'.
Package biblatex Info: Redefining '\cites'.
Package biblatex Info: Redefining '\parencites'.
Package biblatex Info: Redefining '\smartcites'.
)
Package biblatex Info: Trying to load configuration file...
Package biblatex Info: ... file 'biblatex.cfg' found.

(C:\Users\usuario\AppData\Local\Programs\MiKTeX2.9\tex/latex/biblatex\biblatex.
cfg
File: biblatex.cfg 
))
(C:\Users\usuario\AppData\Local\Programs\MiKTeX2.9\tex/latex/hyperref\hyperref.
sty
Package: hyperref 2019/11/10 v7.00c Hypertext links for LaTeX

(C:\Users\usuario\AppData\Local\Programs\MiKTeX2.9\tex/generic/oberdiek\kvdefin
ekeys.sty
Package: kvdefinekeys 2016/05/16 v1.4 Define keys (HO)
)
(C:\Users\usuario\AppData\Local\Programs\MiKTeX2.9\tex/generic/oberdiek\pdfesca
pe.sty
Package: pdfescape 2016/05/16 v1.14 Implements pdfTeX's escape features (HO)
)
(C:\Users\usuario\AppData\Local\Programs\MiKTeX2.9\tex/latex/oberdiek\hycolor.s
ty
Package: hycolor 2016/05/16 v1.8 Color options for hyperref/bookmark (HO)

(C:\Users\usuario\AppData\Local\Programs\MiKTeX2.9\tex/latex/oberdiek\xcolor-pa
tch.sty
Package: xcolor-patch 2016/05/16 xcolor patch

(C:\Users\usuario\AppData\Local\Programs\MiKTeX2.9\tex/latex/oberdiek\hopatch.s
ty
Package: hopatch 2016/05/16 v1.3 Wrapper for package hooks (HO)
)))
(C:\Users\usuario\AppData\Local\Programs\MiKTeX2.9\tex/latex/oberdiek\letltxmac
ro.sty
Package: letltxmacro 2016/05/16 v1.5 Let assignment for LaTeX macros (HO)
)
(C:\Users\usuario\AppData\Local\Programs\MiKTeX2.9\tex/latex/oberdiek\auxhook.s
ty
Package: auxhook 2016/05/16 v1.4 Hooks for auxiliary files (HO)
)
\@linkdim=\dimen103
\Hy@linkcounter=\count280
\Hy@pagecounter=\count281

(C:\Users\usuario\AppData\Local\Programs\MiKTeX2.9\tex/latex/hyperref\pd1enc.de
f
File: pd1enc.def 2019/11/10 v7.00c Hyperref: PDFDocEncoding definition (HO)
Now handling font encoding PD1 ...
... no UTF-8 mapping file for font encoding PD1
)
(C:\Users\usuario\AppData\Local\Programs\MiKTeX2.9\tex/generic/oberdiek\intcalc
.sty
Package: intcalc 2016/05/16 v1.2 Expandable calculations with integers (HO)
)
\Hy@SavedSpaceFactor=\count282

(C:\Users\usuario\AppData\Local\Programs\MiKTeX2.9\tex/latex/00miktex\hyperref.
cfg
File: hyperref.cfg 2002/06/06 v1.2 hyperref configuration of TeXLive
)
Package hyperref Info: Option `colorlinks' set `true' on input line 4409.
Package hyperref Info: Hyper figures OFF on input line 4535.
Package hyperref Info: Link nesting OFF on input line 4540.
Package hyperref Info: Hyper index ON on input line 4543.
Package hyperref Info: Plain pages OFF on input line 4550.
Package hyperref Info: Backreferencing OFF on input line 4555.
Package hyperref Info: Implicit mode ON; LaTeX internals redefined.
Package hyperref Info: Bookmarks ON on input line 4788.
\c@Hy@tempcnt=\count283
LaTeX Info: Redefining \url on input line 5147.
\XeTeXLinkMargin=\dimen104

(C:\Users\usuario\AppData\Local\Programs\MiKTeX2.9\tex/generic/oberdiek\bitset.
sty
Package: bitset 2016/05/16 v1.2 Handle bit-vector datatype (HO)

(C:\Users\usuario\AppData\Local\Programs\MiKTeX2.9\tex/generic/oberdiek\bigintc
alc.sty
Package: bigintcalc 2016/05/16 v1.4 Expandable calculations on big integers (HO
)
))
\Fld@menulength=\count284
\Field@Width=\dimen105
\Fld@charsize=\dimen106
Package hyperref Info: Hyper figures OFF on input line 6418.
Package hyperref Info: Link nesting OFF on input line 6423.
Package hyperref Info: Hyper index ON on input line 6426.
Package hyperref Info: backreferencing OFF on input line 6433.
Package hyperref Info: Link coloring ON on input line 6436.
Package hyperref Info: Link coloring with OCG OFF on input line 6443.
Package hyperref Info: PDF/A mode OFF on input line 6448.
LaTeX Info: Redefining \ref on input line 6488.
LaTeX Info: Redefining \pageref on input line 6492.

(C:\Users\usuario\AppData\Local\Programs\MiKTeX2.9\tex/generic/oberdiek\atbegsh
i.sty
Package: atbegshi 2016/06/09 v1.18 At begin shipout hook (HO)

(C:\Users\usuario\AppData\Local\Programs\MiKTeX2.9\tex/generic/iftex\ifpdf.sty
Package: ifpdf 2019/10/25 v3.4 ifpdf legacy package. Use iftex instead.
))
\Hy@abspage=\count285
\c@Item=\count286
\c@Hfootnote=\count287
)
Package hyperref Info: Driver (autodetected): hpdftex.

(C:\Users\usuario\AppData\Local\Programs\MiKTeX2.9\tex/latex/hyperref\hpdftex.d
ef
File: hpdftex.def 2019/11/10 v7.00c Hyperref driver for pdfTeX

(C:\Users\usuario\AppData\Local\Programs\MiKTeX2.9\tex/latex/oberdiek\atveryend
.sty
Package: atveryend 2016/05/16 v1.9 Hooks at the very end of document (HO)
)
\Fld@listcount=\count288
\c@bookmark@seq@number=\count289

(C:\Users\usuario\AppData\Local\Programs\MiKTeX2.9\tex/latex/oberdiek\rerunfile
check.sty
Package: rerunfilecheck 2016/05/16 v1.8 Rerun checks for auxiliary files (HO)

(C:\Users\usuario\AppData\Local\Programs\MiKTeX2.9\tex/generic/oberdiek\uniquec
ounter.sty
Package: uniquecounter 2016/05/16 v1.3 Provide unlimited unique counter (HO)
)
Package uniquecounter Info: New unique counter `rerunfilecheck' on input line 2
85.
)
\Hy@SectionHShift=\skip65
) (mypub.sty
Package: mypub 

(C:\Users\usuario\AppData\Local\Programs\MiKTeX2.9\tex/latex/tocbibind\tocbibin
d.sty
Package: tocbibind 2010/10/13 v1.5k extra ToC listings
Package tocbibind Info: The document has chapter divisions on input line 50.


Package tocbibind Note: Using chapter style headings, unless overridden.

)
(C:\Users\usuario\AppData\Local\Programs\MiKTeX2.9\tex/latex/fancyhdr\fancyhdr.
sty
Package: fancyhdr 2021/01/04 v4.0 Extensive control of page headers and footers

\f@nch@headwidth=\skip66
\f@nch@O@elh=\skip67
\f@nch@O@erh=\skip68
\f@nch@O@olh=\skip69
\f@nch@O@orh=\skip70
\f@nch@O@elf=\skip71
\f@nch@O@erf=\skip72
\f@nch@O@olf=\skip73
\f@nch@O@orf=\skip74
)
(C:\Users\usuario\AppData\Local\Programs\MiKTeX2.9\tex/latex/amsfonts\amssymb.s
ty
Package: amssymb 2013/01/14 v3.01 AMS font symbols

(C:\Users\usuario\AppData\Local\Programs\MiKTeX2.9\tex/latex/amsfonts\amsfonts.
sty
Package: amsfonts 2013/01/14 v3.01 Basic AMSFonts support
\@emptytoks=\toks15
\symAMSa=\mathgroup4
\symAMSb=\mathgroup5
LaTeX Font Info:    Redeclaring math symbol \hbar on input line 98.
LaTeX Font Info:    Overwriting math alphabet `\mathfrak' in version `bold'
(Font)                  U/euf/m/n --> U/euf/b/n on input line 106.
))
(C:\Users\usuario\AppData\Local\Programs\MiKTeX2.9\tex/latex/amsmath\amsmath.st
y
Package: amsmath 2019/11/16 v2.17d AMS math features
\@mathmargin=\skip75

For additional information on amsmath, use the `?' option.

(C:\Users\usuario\AppData\Local\Programs\MiKTeX2.9\tex/latex/amsmath\amstext.st
y
Package: amstext 2000/06/29 v2.01 AMS text

(C:\Users\usuario\AppData\Local\Programs\MiKTeX2.9\tex/latex/amsmath\amsgen.sty
File: amsgen.sty 1999/11/30 v2.0 generic functions
\@emptytoks=\toks16
\ex@=\dimen107
))
(C:\Users\usuario\AppData\Local\Programs\MiKTeX2.9\tex/latex/amsmath\amsbsy.sty
Package: amsbsy 1999/11/29 v1.2d Bold Symbols
\pmbraise@=\dimen108
)
(C:\Users\usuario\AppData\Local\Programs\MiKTeX2.9\tex/latex/amsmath\amsopn.sty
Package: amsopn 2016/03/08 v2.02 operator names
)
\inf@bad=\count290
LaTeX Info: Redefining \frac on input line 227.
\uproot@=\count291
\leftroot@=\count292
LaTeX Info: Redefining \overline on input line 389.
\classnum@=\count293
\DOTSCASE@=\count294
LaTeX Info: Redefining \ldots on input line 486.
LaTeX Info: Redefining \dots on input line 489.
LaTeX Info: Redefining \cdots on input line 610.
\Mathstrutbox@=\box27
\strutbox@=\box28
\big@size=\dimen109
LaTeX Font Info:    Redeclaring font encoding OML on input line 733.
LaTeX Font Info:    Redeclaring font encoding OMS on input line 734.
\macc@depth=\count295
\c@MaxMatrixCols=\count296
\dotsspace@=\muskip15
\c@parentequation=\count297
\dspbrk@lvl=\count298
\tag@help=\toks17
\row@=\count299
\column@=\count300
\maxfields@=\count301
\andhelp@=\toks18
\eqnshift@=\dimen110
\alignsep@=\dimen111
\tagshift@=\dimen112
\tagwidth@=\dimen113
\totwidth@=\dimen114
\lineht@=\dimen115
\@envbody=\toks19
\multlinegap=\skip76
\multlinetaggap=\skip77
\mathdisplay@stack=\toks20
LaTeX Info: Redefining \[ on input line 2858.
LaTeX Info: Redefining \] on input line 2859.
)
(C:\Users\usuario\AppData\Local\Programs\MiKTeX2.9\tex/latex/amscls\amsthm.sty
Package: amsthm 2017/10/31 v2.20.4
\thm@style=\toks21
\thm@bodyfont=\toks22
\thm@headfont=\toks23
\thm@notefont=\toks24
\thm@headpunct=\toks25
\thm@preskip=\skip78
\thm@postskip=\skip79
\thm@headsep=\skip80
\dth@everypar=\toks26
)
\c@teorema=\count302
\c@corolario=\count303
\c@definicion=\count304
\c@ejemplo=\count305

(C:\Users\usuario\AppData\Local\Programs\MiKTeX2.9\tex/latex/tools\verbatim.sty
Package: verbatim 2019/11/10 v1.5r LaTeX2e package for verbatim enhancements
\every@verbatim=\toks27
\verbatim@line=\toks28
\verbatim@in@stream=\read2
)
(C:\Users\usuario\AppData\Local\Programs\MiKTeX2.9\tex/latex/spreadtab\spreadta
b.sty
Package: spreadtab 2019/02/27 v0.5 Spreadsheet features for table environments 
(CT)

(C:\Users\usuario\AppData\Local\Programs\MiKTeX2.9\tex/latex/xstring\xstring.st
y
(C:\Users\usuario\AppData\Local\Programs\MiKTeX2.9\tex/generic/xstring\xstring.
tex
\integerpart=\count306
\decimalpart=\count307
)
Package: xstring 2019/02/06 v1.83 String manipulations (CT)
) (C:\Users\usuario\AppData\Local\Programs\MiKTeX2.9\tex/latex/fp\fp.sty
Package: fp 1995/04/02

`Fixed Point Package', Version 0.8, April 2, 1995 (C) Michael Mehlich
(C:\Users\usuario\AppData\Local\Programs\MiKTeX2.9\tex/latex/fp\defpattern.sty
Package: defpattern 1994/10/12
\actioncount=\count308
) (C:\Users\usuario\AppData\Local\Programs\MiKTeX2.9\tex/latex/fp\fp-basic.sty
Package: fp-basic 1996/05/13
\FP@xs=\count309
\FP@xia=\count310
\FP@xib=\count311
\FP@xfa=\count312
\FP@xfb=\count313
\FP@rega=\count314
\FP@regb=\count315
\FP@regs=\count316
\FP@times=\count317
)
(C:\Users\usuario\AppData\Local\Programs\MiKTeX2.9\tex/latex/fp\fp-addons.sty
Package: fp-addons 1995/03/15
)
(C:\Users\usuario\AppData\Local\Programs\MiKTeX2.9\tex/latex/fp\fp-snap.sty
Package: fp-snap 1995/04/05
)
(C:\Users\usuario\AppData\Local\Programs\MiKTeX2.9\tex/latex/fp\fp-exp.sty
Package: fp-exp 1995/04/03
)
(C:\Users\usuario\AppData\Local\Programs\MiKTeX2.9\tex/latex/fp\fp-trigo.sty
Package: fp-trigo 1995/04/14
)
(C:\Users\usuario\AppData\Local\Programs\MiKTeX2.9\tex/latex/fp\fp-pas.sty
Package: fp-pas 1994/08/29
)
(C:\Users\usuario\AppData\Local\Programs\MiKTeX2.9\tex/latex/fp\fp-random.sty
Package: fp-random 1995/02/23
\FPseed=\count318
)
(C:\Users\usuario\AppData\Local\Programs\MiKTeX2.9\tex/latex/fp\fp-eqn.sty
Package: fp-eqn 1995/04/03
)
(C:\Users\usuario\AppData\Local\Programs\MiKTeX2.9\tex/latex/fp\fp-upn.sty
Package: fp-upn 1996/10/21
)
(C:\Users\usuario\AppData\Local\Programs\MiKTeX2.9\tex/latex/fp\fp-eval.sty
Package: fp-eval 1995/04/03
))
spreadtab message: FP calc engine now active
\ST@count=\count319
\ST@colcount=\count320
\ST@colcount@i=\count321
\ST@rowcount=\count322
\ST@rowcount@i=\count323
\ST@intpart=\count324
)
(C:\Users\usuario\AppData\Local\Programs\MiKTeX2.9\tex/latex/tools\array.sty
Package: array 2019/08/31 v2.4l Tabular extension package (FMi)
\col@sep=\dimen116
\ar@mcellbox=\box29
\extrarowheight=\dimen117
\NC@list=\toks29
\extratabsurround=\skip81
\backup@length=\skip82
\ar@cellbox=\box30
)
(C:\Users\usuario\AppData\Local\Programs\MiKTeX2.9\tex/latex/booktabs\booktabs.
sty
Package: booktabs 2020/01/12 v1.61803398 Publication quality tables
\heavyrulewidth=\dimen118
\lightrulewidth=\dimen119
\cmidrulewidth=\dimen120
\belowrulesep=\dimen121
\belowbottomsep=\dimen122
\aboverulesep=\dimen123
\abovetopsep=\dimen124
\cmidrulesep=\dimen125
\cmidrulekern=\dimen126
\defaultaddspace=\dimen127
\@cmidla=\count325
\@cmidlb=\count326
\@aboverulesep=\dimen128
\@belowrulesep=\dimen129
\@thisruleclass=\count327
\@lastruleclass=\count328
\@thisrulewidth=\dimen130
)
(C:\Users\usuario\AppData\Local\Programs\MiKTeX2.9\tex/latex/caption\caption.st
y
Package: caption 2020/09/12 v3.5b Customizing captions (AR)

(C:\Users\usuario\AppData\Local\Programs\MiKTeX2.9\tex/latex/caption\caption3.s
ty
Package: caption3 2020/09/17 v2.1b caption3 kernel (AR)
\captionmargin=\dimen131
\captionmargin@=\dimen132
\captionwidth=\dimen133
\caption@tempdima=\dimen134
\caption@indent=\dimen135
\caption@parindent=\dimen136
\caption@hangindent=\dimen137
Package caption Info: Standard document class detected.
)
\c@caption@flags=\count329
\c@continuedfloat=\count330
Package caption Info: hyperref package is loaded.
)
(C:\Users\usuario\AppData\Local\Programs\MiKTeX2.9\tex/latex/caption\subcaption
.sty
Package: subcaption 2020/08/23 v1.3g Sub-captions (AR)
\c@subfigure=\count331
\c@subtable=\count332
)
(C:\Users\usuario\AppData\Local\Programs\MiKTeX2.9\tex/latex/oberdiek\resizegat
her.sty
Package: resizegather 2016/05/16 v1.3 Resize overly large equations (HO)

(C:\Users\usuario\AppData\Local\Programs\MiKTeX2.9\tex/latex/graphics\graphics.
sty
Package: graphics 2019/11/01 v1.3d Standard LaTeX Graphics (DPC,SPQR)

(C:\Users\usuario\AppData\Local\Programs\MiKTeX2.9\tex/latex/graphics\trig.sty
Package: trig 2016/01/03 v1.10 sin cos tan (DPC)
)
(C:\Users\usuario\AppData\Local\Programs\MiKTeX2.9\tex/latex/graphics-cfg\graph
ics.cfg
File: graphics.cfg 2016/06/04 v1.11 sample graphics configuration
)
Package graphics Info: Driver file: pdftex.def on input line 105.

(C:\Users\usuario\AppData\Local\Programs\MiKTeX2.9\tex/latex/graphics-def\pdfte
x.def
File: pdftex.def 2018/01/08 v1.0l Graphics/color driver for pdftex
)))
(C:\Users\usuario\AppData\Local\Programs\MiKTeX2.9\tex/latex/footmisc\footmisc.
sty
Package: footmisc 2011/06/06 v5.5b a miscellany of footnote facilities
\FN@temptoken=\toks30
\footnotemargin=\dimen138
\c@pp@next@reset=\count333
Package footmisc Info: Declaring symbol style bringhurst on input line 855.
Package footmisc Info: Declaring symbol style chicago on input line 863.
Package footmisc Info: Declaring symbol style wiley on input line 872.
Package footmisc Info: Declaring symbol style lamport-robust on input line 883.

Package footmisc Info: Declaring symbol style lamport* on input line 903.
Package footmisc Info: Declaring symbol style lamport*-robust on input line 924
.
)
(C:\Users\usuario\AppData\Local\Programs\MiKTeX2.9\tex/latex/mdwtools\mdwlist.s
ty
Package: mdwlist 1996/05/02 1.1 Various list-related things
)
(C:\Users\usuario\AppData\Local\Programs\MiKTeX2.9\tex/latex/matlab-prettifier\
matlab-prettifier.sty
Package: matlab-prettifier 2014/06/19 v0.3 A package for prettyprinting Matlab 
source code

(C:\Users\usuario\AppData\Local\Programs\MiKTeX2.9\tex/latex/base\textcomp.sty
Package: textcomp 2018/08/11 v2.0j Standard LaTeX package
Package textcomp Info: Sub-encoding information:
(textcomp)               5 = only ISO-Adobe without \textcurrency
(textcomp)               4 = 5 + \texteuro
(textcomp)               3 = 4 + \textohm
(textcomp)               2 = 3 + \textestimated + \textcurrency
(textcomp)               1 = TS1 - \textcircled - \t
(textcomp)               0 = TS1 (full)
(textcomp)             Font families with sub-encoding setting implement
(textcomp)             only a restricted character set as indicated.
(textcomp)             Family '?' is the default used for unknown fonts.
(textcomp)             See the documentation for details.
Package textcomp Info: Setting ? sub-encoding to TS1/1 on input line 79.

(C:\Users\usuario\AppData\Local\Programs\MiKTeX2.9\tex/latex/base\ts1enc.def
File: ts1enc.def 2001/06/05 v3.0e (jk/car/fm) Standard LaTeX file
Now handling font encoding TS1 ...
... processing UTF-8 mapping file for font encoding TS1

(C:\Users\usuario\AppData\Local\Programs\MiKTeX2.9\tex/latex/base\ts1enc.dfu
File: ts1enc.dfu 2019/07/11 v1.2j UTF-8 support for inputenc
   defining Unicode char U+00A2 (decimal 162)
   defining Unicode char U+00A3 (decimal 163)
   defining Unicode char U+00A4 (decimal 164)
   defining Unicode char U+00A5 (decimal 165)
   defining Unicode char U+00A6 (decimal 166)
   defining Unicode char U+00A7 (decimal 167)
   defining Unicode char U+00A8 (decimal 168)
   defining Unicode char U+00A9 (decimal 169)
   defining Unicode char U+00AA (decimal 170)
   defining Unicode char U+00AC (decimal 172)
   defining Unicode char U+00AE (decimal 174)
   defining Unicode char U+00AF (decimal 175)
   defining Unicode char U+00B0 (decimal 176)
   defining Unicode char U+00B1 (decimal 177)
   defining Unicode char U+00B2 (decimal 178)
   defining Unicode char U+00B3 (decimal 179)
   defining Unicode char U+00B4 (decimal 180)
   defining Unicode char U+00B5 (decimal 181)
   defining Unicode char U+00B6 (decimal 182)
   defining Unicode char U+00B7 (decimal 183)
   defining Unicode char U+00B9 (decimal 185)
   defining Unicode char U+00BA (decimal 186)
   defining Unicode char U+00BC (decimal 188)
   defining Unicode char U+00BD (decimal 189)
   defining Unicode char U+00BE (decimal 190)
   defining Unicode char U+00D7 (decimal 215)
   defining Unicode char U+00F7 (decimal 247)
   defining Unicode char U+0192 (decimal 402)
   defining Unicode char U+02C7 (decimal 711)
   defining Unicode char U+02D8 (decimal 728)
   defining Unicode char U+02DD (decimal 733)
   defining Unicode char U+0E3F (decimal 3647)
   defining Unicode char U+2016 (decimal 8214)
   defining Unicode char U+2020 (decimal 8224)
   defining Unicode char U+2021 (decimal 8225)
   defining Unicode char U+2022 (decimal 8226)
   defining Unicode char U+2030 (decimal 8240)
   defining Unicode char U+2031 (decimal 8241)
   defining Unicode char U+203B (decimal 8251)
   defining Unicode char U+203D (decimal 8253)
   defining Unicode char U+2044 (decimal 8260)
   defining Unicode char U+204E (decimal 8270)
   defining Unicode char U+2052 (decimal 8274)
   defining Unicode char U+20A1 (decimal 8353)
   defining Unicode char U+20A4 (decimal 8356)
   defining Unicode char U+20A6 (decimal 8358)
   defining Unicode char U+20A9 (decimal 8361)
   defining Unicode char U+20AB (decimal 8363)
   defining Unicode char U+20AC (decimal 8364)
   defining Unicode char U+20B1 (decimal 8369)
   defining Unicode char U+2103 (decimal 8451)
   defining Unicode char U+2116 (decimal 8470)
   defining Unicode char U+2117 (decimal 8471)
   defining Unicode char U+211E (decimal 8478)
   defining Unicode char U+2120 (decimal 8480)
   defining Unicode char U+2122 (decimal 8482)
   defining Unicode char U+2126 (decimal 8486)
   defining Unicode char U+2127 (decimal 8487)
   defining Unicode char U+212E (decimal 8494)
   defining Unicode char U+2190 (decimal 8592)
   defining Unicode char U+2191 (decimal 8593)
   defining Unicode char U+2192 (decimal 8594)
   defining Unicode char U+2193 (decimal 8595)
   defining Unicode char U+2329 (decimal 9001)
   defining Unicode char U+232A (decimal 9002)
   defining Unicode char U+2422 (decimal 9250)
   defining Unicode char U+25E6 (decimal 9702)
   defining Unicode char U+25EF (decimal 9711)
   defining Unicode char U+266A (decimal 9834)
   defining Unicode char U+27E8 (decimal 10216)
   defining Unicode char U+27E9 (decimal 10217)
   defining Unicode char U+FEFF (decimal 65279)
))
LaTeX Info: Redefining \oldstylenums on input line 334.
Package textcomp Info: Setting cmr sub-encoding to TS1/0 on input line 349.
Package textcomp Info: Setting cmss sub-encoding to TS1/0 on input line 350.
Package textcomp Info: Setting cmtt sub-encoding to TS1/0 on input line 351.
Package textcomp Info: Setting cmvtt sub-encoding to TS1/0 on input line 352.
Package textcomp Info: Setting cmbr sub-encoding to TS1/0 on input line 353.
Package textcomp Info: Setting cmtl sub-encoding to TS1/0 on input line 354.
Package textcomp Info: Setting ccr sub-encoding to TS1/0 on input line 355.
Package textcomp Info: Setting ptm sub-encoding to TS1/4 on input line 356.
Package textcomp Info: Setting pcr sub-encoding to TS1/4 on input line 357.
Package textcomp Info: Setting phv sub-encoding to TS1/4 on input line 358.
Package textcomp Info: Setting ppl sub-encoding to TS1/3 on input line 359.
Package textcomp Info: Setting pag sub-encoding to TS1/4 on input line 360.
Package textcomp Info: Setting pbk sub-encoding to TS1/4 on input line 361.
Package textcomp Info: Setting pnc sub-encoding to TS1/4 on input line 362.
Package textcomp Info: Setting pzc sub-encoding to TS1/4 on input line 363.
Package textcomp Info: Setting bch sub-encoding to TS1/4 on input line 364.
Package textcomp Info: Setting put sub-encoding to TS1/5 on input line 365.
Package textcomp Info: Setting uag sub-encoding to TS1/5 on input line 366.
Package textcomp Info: Setting ugq sub-encoding to TS1/5 on input line 367.
Package textcomp Info: Setting ul8 sub-encoding to TS1/4 on input line 368.
Package textcomp Info: Setting ul9 sub-encoding to TS1/4 on input line 369.
Package textcomp Info: Setting augie sub-encoding to TS1/5 on input line 370.
Package textcomp Info: Setting dayrom sub-encoding to TS1/3 on input line 371.
Package textcomp Info: Setting dayroms sub-encoding to TS1/3 on input line 372.

Package textcomp Info: Setting pxr sub-encoding to TS1/0 on input line 373.
Package textcomp Info: Setting pxss sub-encoding to TS1/0 on input line 374.
Package textcomp Info: Setting pxtt sub-encoding to TS1/0 on input line 375.
Package textcomp Info: Setting txr sub-encoding to TS1/0 on input line 376.
Package textcomp Info: Setting txss sub-encoding to TS1/0 on input line 377.
Package textcomp Info: Setting txtt sub-encoding to TS1/0 on input line 378.
Package textcomp Info: Setting lmr sub-encoding to TS1/0 on input line 379.
Package textcomp Info: Setting lmdh sub-encoding to TS1/0 on input line 380.
Package textcomp Info: Setting lmss sub-encoding to TS1/0 on input line 381.
Package textcomp Info: Setting lmssq sub-encoding to TS1/0 on input line 382.
Package textcomp Info: Setting lmvtt sub-encoding to TS1/0 on input line 383.
Package textcomp Info: Setting lmtt sub-encoding to TS1/0 on input line 384.
Package textcomp Info: Setting qhv sub-encoding to TS1/0 on input line 385.
Package textcomp Info: Setting qag sub-encoding to TS1/0 on input line 386.
Package textcomp Info: Setting qbk sub-encoding to TS1/0 on input line 387.
Package textcomp Info: Setting qcr sub-encoding to TS1/0 on input line 388.
Package textcomp Info: Setting qcs sub-encoding to TS1/0 on input line 389.
Package textcomp Info: Setting qpl sub-encoding to TS1/0 on input line 390.
Package textcomp Info: Setting qtm sub-encoding to TS1/0 on input line 391.
Package textcomp Info: Setting qzc sub-encoding to TS1/0 on input line 392.
Package textcomp Info: Setting qhvc sub-encoding to TS1/0 on input line 393.
Package textcomp Info: Setting futs sub-encoding to TS1/4 on input line 394.
Package textcomp Info: Setting futx sub-encoding to TS1/4 on input line 395.
Package textcomp Info: Setting futj sub-encoding to TS1/4 on input line 396.
Package textcomp Info: Setting hlh sub-encoding to TS1/3 on input line 397.
Package textcomp Info: Setting hls sub-encoding to TS1/3 on input line 398.
Package textcomp Info: Setting hlst sub-encoding to TS1/3 on input line 399.
Package textcomp Info: Setting hlct sub-encoding to TS1/5 on input line 400.
Package textcomp Info: Setting hlx sub-encoding to TS1/5 on input line 401.
Package textcomp Info: Setting hlce sub-encoding to TS1/5 on input line 402.
Package textcomp Info: Setting hlcn sub-encoding to TS1/5 on input line 403.
Package textcomp Info: Setting hlcw sub-encoding to TS1/5 on input line 404.
Package textcomp Info: Setting hlcf sub-encoding to TS1/5 on input line 405.
Package textcomp Info: Setting pplx sub-encoding to TS1/3 on input line 406.
Package textcomp Info: Setting pplj sub-encoding to TS1/3 on input line 407.
Package textcomp Info: Setting ptmx sub-encoding to TS1/4 on input line 408.
Package textcomp Info: Setting ptmj sub-encoding to TS1/4 on input line 409.
) (C:\Users\usuario\AppData\Local\Programs\MiKTeX2.9\tex/latex/xcolor\xcolor.st
y
Package: xcolor 2016/05/11 v2.12 LaTeX color extensions (UK)

(C:\Users\usuario\AppData\Local\Programs\MiKTeX2.9\tex/latex/graphics-cfg\color
.cfg
File: color.cfg 2016/01/02 v1.6 sample color configuration
)
Package xcolor Info: Driver file: pdftex.def on input line 225.
Package xcolor Info: Model `cmy' substituted by `cmy0' on input line 1348.
Package xcolor Info: Model `hsb' substituted by `rgb' on input line 1352.
Package xcolor Info: Model `RGB' extended on input line 1364.
Package xcolor Info: Model `HTML' substituted by `rgb' on input line 1366.
Package xcolor Info: Model `Hsb' substituted by `hsb' on input line 1367.
Package xcolor Info: Model `tHsb' substituted by `hsb' on input line 1368.
Package xcolor Info: Model `HSB' substituted by `hsb' on input line 1369.
Package xcolor Info: Model `Gray' substituted by `gray' on input line 1370.
Package xcolor Info: Model `wave' substituted by `hsb' on input line 1371.
)
(C:\Users\usuario\AppData\Local\Programs\MiKTeX2.9\tex/latex/listings\listings.
sty
\lst@mode=\count334
\lst@gtempboxa=\box31
\lst@token=\toks31
\lst@length=\count335
\lst@currlwidth=\dimen139
\lst@column=\count336
\lst@pos=\count337
\lst@lostspace=\dimen140
\lst@width=\dimen141
\lst@newlines=\count338
\lst@lineno=\count339
\lst@maxwidth=\dimen142

(C:\Users\usuario\AppData\Local\Programs\MiKTeX2.9\tex/latex/listings\lstmisc.s
ty
File: lstmisc.sty 2019/09/10 1.8c (Carsten Heinz)
\c@lstnumber=\count340
\lst@skipnumbers=\count341
\lst@framebox=\box32
)
(C:\Users\usuario\AppData\Local\Programs\MiKTeX2.9\tex/latex/listings\listings.
cfg
File: listings.cfg 2019/09/10 1.8c listings configuration
))
Package: listings 2019/09/10 1.8c (Carsten Heinz)
\netBracketCount@mlpr=\count342
\blkLvl@mlpr=\count343
\blkLvlAtClassdef@mlpr=\count344
\emHeight@mlpr=\skip83
\jayDepth@mlpr=\skip84
\sectionRuleOffset@mlpr=\skip85
\toks@mlpr=\toks32
)
(C:\Users\usuario\AppData\Local\Programs\MiKTeX2.9\tex/latex/algorithms\algorit
hm.sty
Package: algorithm 2009/08/24 v0.1 Document Style `algorithm' - floating enviro
nment

(C:\Users\usuario\AppData\Local\Programs\MiKTeX2.9\tex/latex/float\float.sty
Package: float 2001/11/08 v1.3d Float enhancements (AL)
\c@float@type=\count345
\float@exts=\toks33
\float@box=\box33
\@float@everytoks=\toks34
\@floatcapt=\box34
)
\@float@every@algorithm=\toks35
\c@algorithm=\count346
)
(C:\Users\usuario\AppData\Local\Programs\MiKTeX2.9\tex/latex/algorithmicx\algps
eudocode.sty
Package: algpseudocode 

(C:\Users\usuario\AppData\Local\Programs\MiKTeX2.9\tex/latex/algorithmicx\algor
ithmicx.sty
Package: algorithmicx 2005/04/27 v1.2 Algorithmicx

Document Style algorithmicx 1.2 - a greatly improved `algorithmic' style
\c@ALG@line=\count347
\c@ALG@rem=\count348
\c@ALG@nested=\count349
\ALG@tlm=\skip86
\ALG@thistlm=\skip87
\c@ALG@Lnr=\count350
\c@ALG@blocknr=\count351
\c@ALG@storecount=\count352
\c@ALG@tmpcounter=\count353
\ALG@tmplength=\skip88
)
Document Style - pseudocode environments for use with the `algorithmicx' style
)
\therules=\toks36

(C:\Users\usuario\AppData\Local\Programs\MiKTeX2.9\tex/latex/base\latexsym.sty
Package: latexsym 1998/08/17 v2.2e Standard LaTeX package (lasy symbols)
\symlasy=\mathgroup6
LaTeX Font Info:    Overwriting symbol font `lasy' in version `bold'
(Font)                  U/lasy/m/n --> U/lasy/b/n on input line 52.
)
   defining Unicode char U+2212 (decimal 8722)
(C:\Users\usuario\AppData\Local\Programs\MiKTeX2.9\tex/latex/lipsum\lipsum.sty
(C:\Users\usuario\AppData\Local\Programs\MiKTeX2.9\tex/latex/l3kernel\expl3.sty
Package: expl3 2019-11-07 L3 programming layer (loader) 

(C:\Users\usuario\AppData\Local\Programs\MiKTeX2.9\tex/latex/l3kernel\expl3-cod
e.tex
Package: expl3 2019-11-07 L3 programming layer (code)
\c_max_int=\count354
\l_tmpa_int=\count355
\l_tmpb_int=\count356
\g_tmpa_int=\count357
\g_tmpb_int=\count358
\l__seq_internal_a_int=\count359
\l__seq_internal_b_int=\count360
\g__kernel_prg_map_int=\count361
\c__ior_term_noprompt_ior=\count362
\c_log_iow=\count363
\l_iow_line_count_int=\count364
\l__iow_line_target_int=\count365
\l__iow_one_indent_int=\count366
\l__iow_indent_int=\count367
\c_zero_dim=\dimen143
\c_max_dim=\dimen144
\l_tmpa_dim=\dimen145
\l_tmpb_dim=\dimen146
\g_tmpa_dim=\dimen147
\g_tmpb_dim=\dimen148
\c_zero_skip=\skip89
\c_max_skip=\skip90
\l_tmpa_skip=\skip91
\l_tmpb_skip=\skip92
\g_tmpa_skip=\skip93
\g_tmpb_skip=\skip94
\c_zero_muskip=\muskip16
\c_max_muskip=\muskip17
\l_tmpa_muskip=\muskip18
\l_tmpb_muskip=\muskip19
\g_tmpa_muskip=\muskip20
\g_tmpb_muskip=\muskip21
\l_keys_choice_int=\count368
\l__intarray_loop_int=\count369
\c__intarray_sp_dim=\dimen149
\g__intarray_font_int=\count370
\c__fp_leading_shift_int=\count371
\c__fp_middle_shift_int=\count372
\c__fp_trailing_shift_int=\count373
\c__fp_big_leading_shift_int=\count374
\c__fp_big_middle_shift_int=\count375
\c__fp_big_trailing_shift_int=\count376
\c__fp_Bigg_leading_shift_int=\count377
\c__fp_Bigg_middle_shift_int=\count378
\c__fp_Bigg_trailing_shift_int=\count379
\c__kernel_randint_max_int=\count380
\g__fp_array_int=\count381
\l__fp_array_loop_int=\count382
\l__sort_length_int=\count383
\l__sort_min_int=\count384
\l__sort_top_int=\count385
\l__sort_max_int=\count386
\l__sort_true_max_int=\count387
\l__sort_block_int=\count388
\l__sort_begin_int=\count389
\l__sort_end_int=\count390
\l__sort_A_int=\count391
\l__sort_B_int=\count392
\l__sort_C_int=\count393
\l__str_internal_int=\count394
\c__str_replacement_char_int=\count395
\l__tl_analysis_normal_int=\count396
\l__tl_analysis_index_int=\count397
\l__tl_analysis_nesting_int=\count398
\l__tl_analysis_type_int=\count399
\l__regex_internal_a_int=\count400
\l__regex_internal_b_int=\count401
\l__regex_internal_c_int=\count402
\l__regex_balance_int=\count403
\l__regex_group_level_int=\count404
\l__regex_mode_int=\count405
\c__regex_cs_in_class_mode_int=\count406
\c__regex_cs_mode_int=\count407
\l__regex_catcodes_int=\count408
\l__regex_default_catcodes_int=\count409
\c__regex_catcode_D_int=\count410
\c__regex_catcode_S_int=\count411
\c__regex_catcode_L_int=\count412
\c__regex_catcode_O_int=\count413
\c__regex_catcode_A_int=\count414
\c__regex_all_catcodes_int=\count415
\l__regex_show_lines_int=\count416
\l__regex_min_state_int=\count417
\l__regex_max_state_int=\count418
\l__regex_left_state_int=\count419
\l__regex_right_state_int=\count420
\l__regex_capturing_group_int=\count421
\l__regex_min_pos_int=\count422
\l__regex_max_pos_int=\count423
\l__regex_curr_pos_int=\count424
\l__regex_start_pos_int=\count425
\l__regex_success_pos_int=\count426
\l__regex_curr_char_int=\count427
\l__regex_curr_catcode_int=\count428
\l__regex_last_char_int=\count429
\l__regex_case_changed_char_int=\count430
\l__regex_curr_state_int=\count431
\l__regex_step_int=\count432
\l__regex_min_active_int=\count433
\l__regex_max_active_int=\count434
\l__regex_replacement_csnames_int=\count435
\l__regex_match_count_int=\count436
\l__regex_min_submatch_int=\count437
\l__regex_submatch_int=\count438
\l__regex_zeroth_submatch_int=\count439
\g__regex_trace_regex_int=\count440
\c_empty_box=\box35
\l_tmpa_box=\box36
\l_tmpb_box=\box37
\g_tmpa_box=\box38
\g_tmpb_box=\box39
\l__box_top_dim=\dimen150
\l__box_bottom_dim=\dimen151
\l__box_left_dim=\dimen152
\l__box_right_dim=\dimen153
\l__box_top_new_dim=\dimen154
\l__box_bottom_new_dim=\dimen155
\l__box_left_new_dim=\dimen156
\l__box_right_new_dim=\dimen157
\l__box_internal_box=\box40
\l__coffin_internal_box=\box41
\l__coffin_internal_dim=\dimen158
\l__coffin_offset_x_dim=\dimen159
\l__coffin_offset_y_dim=\dimen160
\l__coffin_x_dim=\dimen161
\l__coffin_y_dim=\dimen162
\l__coffin_x_prime_dim=\dimen163
\l__coffin_y_prime_dim=\dimen164
\c_empty_coffin=\box42
\l__coffin_aligned_coffin=\box43
\l__coffin_aligned_internal_coffin=\box44
\l_tmpa_coffin=\box45
\l_tmpb_coffin=\box46
\g_tmpa_coffin=\box47
\g_tmpb_coffin=\box48
\l__coffin_bounding_shift_dim=\dimen165
\l__coffin_left_corner_dim=\dimen166
\l__coffin_right_corner_dim=\dimen167
\l__coffin_bottom_corner_dim=\dimen168
\l__coffin_top_corner_dim=\dimen169
\l__coffin_scaled_total_height_dim=\dimen170
\l__coffin_scaled_width_dim=\dimen171
\c__coffin_empty_coffin=\box49
\l__coffin_display_coffin=\box50
\l__coffin_display_coord_coffin=\box51
\l__coffin_display_pole_coffin=\box52
\l__coffin_display_offset_dim=\dimen172
\l__coffin_display_x_dim=\dimen173
\l__coffin_display_y_dim=\dimen174
\g__char_data_ior=\read3

(C:\Users\usuario\AppData\Local\Programs\MiKTeX2.9\tex/latex/l3kernel\l3depreca
tion.def
File: l3deprecation.def 2019-04-06 v L3 Deprecated functions
))
(C:\Users\usuario\AppData\Local\Programs\MiKTeX2.9\tex/latex/l3backend\l3backen
d-pdfmode.def
File: l3backend-pdfmode.def 2019-04-06 L3 backend support: PDF mode
\l__kernel_color_stack_int=\count441
\l__pdf_internal_box=\box53
))
(C:\Users\usuario\AppData\Local\Programs\MiKTeX2.9\tex/latex/l3packages/xparse\
xparse.sty
Package: xparse 2019-10-11 L3 Experimental document command parser
\l__xparse_current_arg_int=\count442
\g__xparse_grabber_int=\count443
\l__xparse_m_args_int=\count444
\l__xparse_v_nesting_int=\count445
)
Package: lipsum 2019/01/02 v2.2 150 paragraphs of Lorem Ipsum dummy text

(C:\Users\usuario\AppData\Local\Programs\MiKTeX2.9\tex/latex/lipsum\lipsum.ltd.
tex
File: lipsum.ltd.tex 2019/01/02 v2.2 The Lorem ipsum dummy text
))
(C:\Users\usuario\AppData\Local\Programs\MiKTeX2.9\tex/latex/morewrites\morewri
tes.sty
(C:\Users\usuario\AppData\Local\Programs\MiKTeX2.9\tex/latex/morewrites\primarg
s.sty
Package: primargs 2018/12/29 Parsing arguments of primitives
)
Package: morewrites 2018/12/29 Always room for a new write
\g__morewrites_later_int=\count446
\l__morewrites_user_int=\count447
\g__morewrites_iow=\write4
\g__morewrites_ior=\read4
\g__morewrites_group_level_int=\count448
\g__morewrites_shipout_box=\box54
\l__morewrites_collect_next_int=\count449
\g__morewrites_alloc_write_int=\count450
)
(C:\Users\usuario\AppData\Local\Programs\MiKTeX2.9\tex/latex/tcolorbox\tcolorbo
x.sty
Package: tcolorbox 2019/11/15 version 4.22 text color boxes

(C:\Users\usuario\AppData\Local\Programs\MiKTeX2.9\tex/latex/pgf/basiclayer\pgf
.sty
(C:\Users\usuario\AppData\Local\Programs\MiKTeX2.9\tex/latex/pgf/utilities\pgfr
cs.sty
(C:\Users\usuario\AppData\Local\Programs\MiKTeX2.9\tex/generic/pgf/utilities\pg
futil-common.tex
\pgfutil@everybye=\toks37
\pgfutil@tempdima=\dimen175
\pgfutil@tempdimb=\dimen176

(C:\Users\usuario\AppData\Local\Programs\MiKTeX2.9\tex/generic/pgf/utilities\pg
futil-common-lists.tex))
(C:\Users\usuario\AppData\Local\Programs\MiKTeX2.9\tex/generic/pgf/utilities\pg
futil-latex.def
\pgfutil@abb=\box55

(C:\Users\usuario\AppData\Local\Programs\MiKTeX2.9\tex/latex/ms\everyshi.sty
Package: everyshi 2001/05/15 v3.00 EveryShipout Package (MS)
))
(C:\Users\usuario\AppData\Local\Programs\MiKTeX2.9\tex/generic/pgf/utilities\pg
frcs.code.tex
(C:\Users\usuario\AppData\Local\Programs\MiKTeX2.9\tex/generic/pgf\pgf.revision
.tex)
Package: pgfrcs 2020/01/08 v3.1.5b (3.1.5b)
))
Package: pgf 2020/01/08 v3.1.5b (3.1.5b)

(C:\Users\usuario\AppData\Local\Programs\MiKTeX2.9\tex/latex/pgf/basiclayer\pgf
core.sty
(C:\Users\usuario\AppData\Local\Programs\MiKTeX2.9\tex/latex/graphics\graphicx.
sty
Package: graphicx 2017/06/01 v1.1a Enhanced LaTeX Graphics (DPC,SPQR)
\Gin@req@height=\dimen177
\Gin@req@width=\dimen178
)
(C:\Users\usuario\AppData\Local\Programs\MiKTeX2.9\tex/latex/pgf/systemlayer\pg
fsys.sty
(C:\Users\usuario\AppData\Local\Programs\MiKTeX2.9\tex/generic/pgf/systemlayer\
pgfsys.code.tex
Package: pgfsys 2020/01/08 v3.1.5b (3.1.5b)

(C:\Users\usuario\AppData\Local\Programs\MiKTeX2.9\tex/generic/pgf/utilities\pg
fkeys.code.tex
\pgfkeys@pathtoks=\toks38
\pgfkeys@temptoks=\toks39

(C:\Users\usuario\AppData\Local\Programs\MiKTeX2.9\tex/generic/pgf/utilities\pg
fkeysfiltered.code.tex
\pgfkeys@tmptoks=\toks40
))
\pgf@x=\dimen179
\pgf@y=\dimen180
\pgf@xa=\dimen181
\pgf@ya=\dimen182
\pgf@xb=\dimen183
\pgf@yb=\dimen184
\pgf@xc=\dimen185
\pgf@yc=\dimen186
\pgf@xd=\dimen187
\pgf@yd=\dimen188
\w@pgf@writea=\write19
\r@pgf@reada=\read5
\c@pgf@counta=\count451
\c@pgf@countb=\count452
\c@pgf@countc=\count453
\c@pgf@countd=\count454
\t@pgf@toka=\toks41
\t@pgf@tokb=\toks42
\t@pgf@tokc=\toks43
\pgf@sys@id@count=\count455

(C:\Users\usuario\AppData\Local\Programs\MiKTeX2.9\tex/generic/pgf/systemlayer\
pgf.cfg
File: pgf.cfg 2020/01/08 v3.1.5b (3.1.5b)
)
Driver file for pgf: pgfsys-pdftex.def

(C:\Users\usuario\AppData\Local\Programs\MiKTeX2.9\tex/generic/pgf/systemlayer\
pgfsys-pdftex.def
File: pgfsys-pdftex.def 2020/01/08 v3.1.5b (3.1.5b)

(C:\Users\usuario\AppData\Local\Programs\MiKTeX2.9\tex/generic/pgf/systemlayer\
pgfsys-common-pdf.def
File: pgfsys-common-pdf.def 2020/01/08 v3.1.5b (3.1.5b)
)))
(C:\Users\usuario\AppData\Local\Programs\MiKTeX2.9\tex/generic/pgf/systemlayer\
pgfsyssoftpath.code.tex
File: pgfsyssoftpath.code.tex 2020/01/08 v3.1.5b (3.1.5b)
\pgfsyssoftpath@smallbuffer@items=\count456
\pgfsyssoftpath@bigbuffer@items=\count457
)
(C:\Users\usuario\AppData\Local\Programs\MiKTeX2.9\tex/generic/pgf/systemlayer\
pgfsysprotocol.code.tex
File: pgfsysprotocol.code.tex 2020/01/08 v3.1.5b (3.1.5b)
))
(C:\Users\usuario\AppData\Local\Programs\MiKTeX2.9\tex/generic/pgf/basiclayer\p
gfcore.code.tex
Package: pgfcore 2020/01/08 v3.1.5b (3.1.5b)

(C:\Users\usuario\AppData\Local\Programs\MiKTeX2.9\tex/generic/pgf/math\pgfmath
.code.tex
(C:\Users\usuario\AppData\Local\Programs\MiKTeX2.9\tex/generic/pgf/math\pgfmath
calc.code.tex
(C:\Users\usuario\AppData\Local\Programs\MiKTeX2.9\tex/generic/pgf/math\pgfmath
util.code.tex)
(C:\Users\usuario\AppData\Local\Programs\MiKTeX2.9\tex/generic/pgf/math\pgfmath
parser.code.tex
\pgfmath@dimen=\dimen189
\pgfmath@count=\count458
\pgfmath@box=\box56
\pgfmath@toks=\toks44
\pgfmath@stack@operand=\toks45
\pgfmath@stack@operation=\toks46
)
(C:\Users\usuario\AppData\Local\Programs\MiKTeX2.9\tex/generic/pgf/math\pgfmath
functions.code.tex
(C:\Users\usuario\AppData\Local\Programs\MiKTeX2.9\tex/generic/pgf/math\pgfmath
functions.basic.code.tex)
(C:\Users\usuario\AppData\Local\Programs\MiKTeX2.9\tex/generic/pgf/math\pgfmath
functions.trigonometric.code.tex)
(C:\Users\usuario\AppData\Local\Programs\MiKTeX2.9\tex/generic/pgf/math\pgfmath
functions.random.code.tex)
(C:\Users\usuario\AppData\Local\Programs\MiKTeX2.9\tex/generic/pgf/math\pgfmath
functions.comparison.code.tex)
(C:\Users\usuario\AppData\Local\Programs\MiKTeX2.9\tex/generic/pgf/math\pgfmath
functions.base.code.tex)
(C:\Users\usuario\AppData\Local\Programs\MiKTeX2.9\tex/generic/pgf/math\pgfmath
functions.round.code.tex)
(C:\Users\usuario\AppData\Local\Programs\MiKTeX2.9\tex/generic/pgf/math\pgfmath
functions.misc.code.tex)
(C:\Users\usuario\AppData\Local\Programs\MiKTeX2.9\tex/generic/pgf/math\pgfmath
functions.integerarithmetics.code.tex)))
(C:\Users\usuario\AppData\Local\Programs\MiKTeX2.9\tex/generic/pgf/math\pgfmath
float.code.tex
\c@pgfmathroundto@lastzeros=\count459
))
(C:\Users\usuario\AppData\Local\Programs\MiKTeX2.9\tex/generic/pgf/math\pgfint.
code.tex)
(C:\Users\usuario\AppData\Local\Programs\MiKTeX2.9\tex/generic/pgf/basiclayer\p
gfcorepoints.code.tex
File: pgfcorepoints.code.tex 2020/01/08 v3.1.5b (3.1.5b)
\pgf@picminx=\dimen190
\pgf@picmaxx=\dimen191
\pgf@picminy=\dimen192
\pgf@picmaxy=\dimen193
\pgf@pathminx=\dimen194
\pgf@pathmaxx=\dimen195
\pgf@pathminy=\dimen196
\pgf@pathmaxy=\dimen197
\pgf@xx=\dimen198
\pgf@xy=\dimen199
\pgf@yx=\dimen256
\pgf@yy=\dimen257
\pgf@zx=\dimen258
\pgf@zy=\dimen259
)
(C:\Users\usuario\AppData\Local\Programs\MiKTeX2.9\tex/generic/pgf/basiclayer\p
gfcorepathconstruct.code.tex
File: pgfcorepathconstruct.code.tex 2020/01/08 v3.1.5b (3.1.5b)
\pgf@path@lastx=\dimen260
\pgf@path@lasty=\dimen261
)
(C:\Users\usuario\AppData\Local\Programs\MiKTeX2.9\tex/generic/pgf/basiclayer\p
gfcorepathusage.code.tex
File: pgfcorepathusage.code.tex 2020/01/08 v3.1.5b (3.1.5b)
\pgf@shorten@end@additional=\dimen262
\pgf@shorten@start@additional=\dimen263
)
(C:\Users\usuario\AppData\Local\Programs\MiKTeX2.9\tex/generic/pgf/basiclayer\p
gfcorescopes.code.tex
File: pgfcorescopes.code.tex 2020/01/08 v3.1.5b (3.1.5b)
\pgfpic=\box57
\pgf@hbox=\box58
\pgf@layerbox@main=\box59
\pgf@picture@serial@count=\count460
)
(C:\Users\usuario\AppData\Local\Programs\MiKTeX2.9\tex/generic/pgf/basiclayer\p
gfcoregraphicstate.code.tex
File: pgfcoregraphicstate.code.tex 2020/01/08 v3.1.5b (3.1.5b)
\pgflinewidth=\dimen264
)
(C:\Users\usuario\AppData\Local\Programs\MiKTeX2.9\tex/generic/pgf/basiclayer\p
gfcoretransformations.code.tex
File: pgfcoretransformations.code.tex 2020/01/08 v3.1.5b (3.1.5b)
\pgf@pt@x=\dimen265
\pgf@pt@y=\dimen266
\pgf@pt@temp=\dimen267
)
(C:\Users\usuario\AppData\Local\Programs\MiKTeX2.9\tex/generic/pgf/basiclayer\p
gfcorequick.code.tex
File: pgfcorequick.code.tex 2020/01/08 v3.1.5b (3.1.5b)
)
(C:\Users\usuario\AppData\Local\Programs\MiKTeX2.9\tex/generic/pgf/basiclayer\p
gfcoreobjects.code.tex
File: pgfcoreobjects.code.tex 2020/01/08 v3.1.5b (3.1.5b)
)
(C:\Users\usuario\AppData\Local\Programs\MiKTeX2.9\tex/generic/pgf/basiclayer\p
gfcorepathprocessing.code.tex
File: pgfcorepathprocessing.code.tex 2020/01/08 v3.1.5b (3.1.5b)
)
(C:\Users\usuario\AppData\Local\Programs\MiKTeX2.9\tex/generic/pgf/basiclayer\p
gfcorearrows.code.tex
File: pgfcorearrows.code.tex 2020/01/08 v3.1.5b (3.1.5b)
\pgfarrowsep=\dimen268
)
(C:\Users\usuario\AppData\Local\Programs\MiKTeX2.9\tex/generic/pgf/basiclayer\p
gfcoreshade.code.tex
File: pgfcoreshade.code.tex 2020/01/08 v3.1.5b (3.1.5b)
\pgf@max=\dimen269
\pgf@sys@shading@range@num=\count461
\pgf@shadingcount=\count462
)
(C:\Users\usuario\AppData\Local\Programs\MiKTeX2.9\tex/generic/pgf/basiclayer\p
gfcoreimage.code.tex
File: pgfcoreimage.code.tex 2020/01/08 v3.1.5b (3.1.5b)

(C:\Users\usuario\AppData\Local\Programs\MiKTeX2.9\tex/generic/pgf/basiclayer\p
gfcoreexternal.code.tex
File: pgfcoreexternal.code.tex 2020/01/08 v3.1.5b (3.1.5b)
\pgfexternal@startupbox=\box60
))
(C:\Users\usuario\AppData\Local\Programs\MiKTeX2.9\tex/generic/pgf/basiclayer\p
gfcorelayers.code.tex
File: pgfcorelayers.code.tex 2020/01/08 v3.1.5b (3.1.5b)
)
(C:\Users\usuario\AppData\Local\Programs\MiKTeX2.9\tex/generic/pgf/basiclayer\p
gfcoretransparency.code.tex
File: pgfcoretransparency.code.tex 2020/01/08 v3.1.5b (3.1.5b)
)
(C:\Users\usuario\AppData\Local\Programs\MiKTeX2.9\tex/generic/pgf/basiclayer\p
gfcorepatterns.code.tex
File: pgfcorepatterns.code.tex 2020/01/08 v3.1.5b (3.1.5b)
)
(C:\Users\usuario\AppData\Local\Programs\MiKTeX2.9\tex/generic/pgf/basiclayer\p
gfcorerdf.code.tex
File: pgfcorerdf.code.tex 2020/01/08 v3.1.5b (3.1.5b)
)))
(C:\Users\usuario\AppData\Local\Programs\MiKTeX2.9\tex/generic/pgf/modules\pgfm
oduleshapes.code.tex
File: pgfmoduleshapes.code.tex 2020/01/08 v3.1.5b (3.1.5b)
\pgfnodeparttextbox=\box61
)
(C:\Users\usuario\AppData\Local\Programs\MiKTeX2.9\tex/generic/pgf/modules\pgfm
oduleplot.code.tex
File: pgfmoduleplot.code.tex 2020/01/08 v3.1.5b (3.1.5b)
)
(C:\Users\usuario\AppData\Local\Programs\MiKTeX2.9\tex/latex/pgf/compatibility\
pgfcomp-version-0-65.sty
Package: pgfcomp-version-0-65 2020/01/08 v3.1.5b (3.1.5b)
\pgf@nodesepstart=\dimen270
\pgf@nodesepend=\dimen271
)
(C:\Users\usuario\AppData\Local\Programs\MiKTeX2.9\tex/latex/pgf/compatibility\
pgfcomp-version-1-18.sty
Package: pgfcomp-version-1-18 2020/01/08 v3.1.5b (3.1.5b)
))
(C:\Users\usuario\AppData\Local\Programs\MiKTeX2.9\tex/latex/environ\environ.st
y
Package: environ 2014/05/04 v0.3 A new way to define environments

(C:\Users\usuario\AppData\Local\Programs\MiKTeX2.9\tex/latex/trimspaces\trimspa
ces.sty
Package: trimspaces 2009/09/17 v1.1 Trim spaces around a token list
))
\tcb@titlebox=\box62
\tcb@upperbox=\box63
\tcb@lowerbox=\box64
\tcb@phantombox=\box65
\c@tcbbreakpart=\count463
\c@tcblayer=\count464
\tcolorbox@number=\count465
\tcb@temp=\box66
\tcb@temp=\box67
\tcb@temp=\box68
\tcb@temp=\box69
\tcb@out=\write20
\tcb@record@out=\write21
)
\symbbsymbol=\mathgroup7

(C:\Users\usuario\AppData\Local\Programs\MiKTeX2.9\tex/latex/accents\accents.st
y
Package: accents 2006/05/12 v1.4 Math Accent Tools
\cc@skew=\dimen272
\cc@wd=\dimen273
\cc@code=\count466
\cc@group=\count467
\cc@skewchar=\count468
)
(C:\Users\usuario\AppData\Local\Programs\MiKTeX2.9\tex/generic/babel\babel.sty
Package: babel 2019/11/14 3.36 The Babel package

(C:\Users\usuario\AppData\Local\Programs\MiKTeX2.9\tex/generic/babel\switch.def
File: switch.def 2019/11/14 3.36 Babel switching mechanism
)
*************************************
* Local config file bblopts.cfg used
*
(C:\Users\usuario\AppData\Local\Programs\MiKTeX2.9\tex/latex/arabi\bblopts.cfg
File: bblopts.cfg 2005/09/08 v0.1 add Arabic and Farsi to "declared" options of
 babel
)
(C:\Users\usuario\AppData\Local\Programs\MiKTeX2.9\tex/latex/babel-spanish\span
ish.ldf
Language: spanish.ldf 2016/03/03 v5.0p Spanish support from the babel system

(C:\Users\usuario\AppData\Local\Programs\MiKTeX2.9\tex/generic/babel\babel.def
File: babel.def 2019/11/14 3.36 Babel common definitions
\babel@savecnt=\count469
\U@D=\dimen274

(C:\Users\usuario\AppData\Local\Programs\MiKTeX2.9\tex/generic/babel\txtbabel.d
ef)
\bbl@dirlevel=\count470
)
\es@quottoks=\toks47
\es@quotdepth=\count471
))
(C:\Users\usuario\AppData\Local\Programs\MiKTeX2.9\tex/latex/jknappen\mathrsfs.
sty
Package: mathrsfs 1996/01/01 Math RSFS package v1.0 (jk)
\symrsfs=\mathgroup8
)
(C:\Users\usuario\AppData\Local\Programs\MiKTeX2.9\tex/latex/csquotes\csquotes.
sty
Package: csquotes 2019-12-06 v5.2j context-sensitive quotations (JAW)
\csq@reset=\count472
\csq@gtype=\count473
\csq@glevel=\count474
\csq@qlevel=\count475
\csq@maxlvl=\count476
\csq@tshold=\count477
\csq@ltx@everypar=\toks48

(C:\Users\usuario\AppData\Local\Programs\MiKTeX2.9\tex/latex/csquotes\csquotes.
def
File: csquotes.def 2019-12-06 v5.2j csquotes generic definitions (JAW)
)
Package csquotes Info: Trying to load configuration file 'csquotes.cfg'...
Package csquotes Info: ... configuration file loaded successfully.

(C:\Users\usuario\AppData\Local\Programs\MiKTeX2.9\tex/latex/csquotes\csquotes.
cfg
File: csquotes.cfg 
)
Package csquotes Info: Enabling multilingual quotes.
)
(C:\Users\usuario\AppData\Local\Programs\MiKTeX2.9\tex/latex/wasysym\wasysym.st
y
Package: wasysym 2020/01/19 v2.4 Wasy-2 symbol support package
\symwasy=\mathgroup9
LaTeX Font Info:    Overwriting symbol font `wasy' in version `bold'
(Font)                  U/wasy/m/n --> U/wasy/b/n on input line 93.
)
(C:\Users\usuario\AppData\Local\Programs\MiKTeX2.9\tex/latex/doublestroke\dsfon
t.sty
Package: dsfont 1995/08/01 v0.1 Double stroke roman fonts
)
(C:\Users\usuario\AppData\Local\Programs\MiKTeX2.9\tex/latex/mathtools\mathtool
s.sty
Package: mathtools 2020/01/17 v1.23 mathematical typesetting tools

(C:\Users\usuario\AppData\Local\Programs\MiKTeX2.9\tex/latex/tools\calc.sty
Package: calc 2017/05/25 v4.3 Infix arithmetic (KKT,FJ)
\calc@Acount=\count478
\calc@Bcount=\count479
\calc@Adimen=\dimen275
\calc@Bdimen=\dimen276
\calc@Askip=\skip95
\calc@Bskip=\skip96
LaTeX Info: Redefining \setlength on input line 80.
LaTeX Info: Redefining \addtolength on input line 81.
\calc@Ccount=\count480
\calc@Cskip=\skip97
)
(C:\Users\usuario\AppData\Local\Programs\MiKTeX2.9\tex/latex/mathtools\mhsetup.
sty
Package: mhsetup 2017/03/31 v1.3 programming setup (MH)
)
LaTeX Info: Thecontrolsequence`\('isalreadyrobust on input line 129.
LaTeX Info: Thecontrolsequence`\)'isalreadyrobust on input line 129.
LaTeX Info: Thecontrolsequence`\['isalreadyrobust on input line 129.
LaTeX Info: Thecontrolsequence`\]'isalreadyrobust on input line 129.
\g_MT_multlinerow_int=\count481
\l_MT_multwidth_dim=\dimen277
\origjot=\skip98
\l_MT_shortvdotswithinadjustabove_dim=\dimen278
\l_MT_shortvdotswithinadjustbelow_dim=\dimen279
\l_MT_above_intertext_sep=\dimen280
\l_MT_below_intertext_sep=\dimen281
\l_MT_above_shortintertext_sep=\dimen282
\l_MT_below_shortintertext_sep=\dimen283
)
(C:\Users\usuario\AppData\Local\Programs\MiKTeX2.9\tex/latex/appendix\appendix.
sty
Package: appendix 2020/02/08 v1.2c extra appendix facilities
\c@@pps=\count482
\c@@ppsavesec=\count483
\c@@ppsaveapp=\count484
)
(C:\Users\usuario\AppData\Local\Programs\MiKTeX2.9\tex/latex/paralist\paralist.
sty
Package: paralist 2017/01/22 v2.7 Extended list environments
\pltopsep=\skip99
\plpartopsep=\skip100
\plitemsep=\skip101
\plparsep=\skip102
\pl@lab=\toks49
)
(C:\Users\usuario\AppData\Local\Programs\MiKTeX2.9\tex/latex/todonotes\todonote
s.sty
Package: todonotes 2019/01/24 v1.1.2 Todonotes source and documentation.
Package: todonotes 2018/11/22

(C:\Users\usuario\AppData\Local\Programs\MiKTeX2.9\tex/latex/xkeyval\xkeyval.st
y
Package: xkeyval 2014/12/03 v2.7a package option processing (HA)

(C:\Users\usuario\AppData\Local\Programs\MiKTeX2.9\tex/generic/xkeyval\xkeyval.
tex
(C:\Users\usuario\AppData\Local\Programs\MiKTeX2.9\tex/generic/xkeyval\xkvutils
.tex
\XKV@toks=\toks50
\XKV@tempa@toks=\toks51
)
\XKV@depth=\count485
File: xkeyval.tex 2014/12/03 v2.7a key=value parser (HA)
))
(C:\Users\usuario\AppData\Local\Programs\MiKTeX2.9\tex/latex/pgf/frontendlayer\
tikz.sty
(C:\Users\usuario\AppData\Local\Programs\MiKTeX2.9\tex/latex/pgf/utilities\pgff
or.sty
(C:\Users\usuario\AppData\Local\Programs\MiKTeX2.9\tex/latex/pgf/utilities\pgfk
eys.sty
(C:\Users\usuario\AppData\Local\Programs\MiKTeX2.9\tex/generic/pgf/utilities\pg
fkeys.code.tex))
(C:\Users\usuario\AppData\Local\Programs\MiKTeX2.9\tex/latex/pgf/math\pgfmath.s
ty
(C:\Users\usuario\AppData\Local\Programs\MiKTeX2.9\tex/generic/pgf/math\pgfmath
.code.tex))
(C:\Users\usuario\AppData\Local\Programs\MiKTeX2.9\tex/generic/pgf/utilities\pg
ffor.code.tex
Package: pgffor 2020/01/08 v3.1.5b (3.1.5b)

(C:\Users\usuario\AppData\Local\Programs\MiKTeX2.9\tex/generic/pgf/math\pgfmath
.code.tex)
\pgffor@iter=\dimen284
\pgffor@skip=\dimen285
\pgffor@stack=\toks52
\pgffor@toks=\toks53
))
(C:\Users\usuario\AppData\Local\Programs\MiKTeX2.9\tex/generic/pgf/frontendlaye
r/tikz\tikz.code.tex
Package: tikz 2020/01/08 v3.1.5b (3.1.5b)

(C:\Users\usuario\AppData\Local\Programs\MiKTeX2.9\tex/generic/pgf/libraries\pg
flibraryplothandlers.code.tex
File: pgflibraryplothandlers.code.tex 2020/01/08 v3.1.5b (3.1.5b)
\pgf@plot@mark@count=\count486
\pgfplotmarksize=\dimen286
)
\tikz@lastx=\dimen287
\tikz@lasty=\dimen288
\tikz@lastxsaved=\dimen289
\tikz@lastysaved=\dimen290
\tikz@lastmovetox=\dimen291
\tikz@lastmovetoy=\dimen292
\tikzleveldistance=\dimen293
\tikzsiblingdistance=\dimen294
\tikz@figbox=\box70
\tikz@figbox@bg=\box71
\tikz@tempbox=\box72
\tikz@tempbox@bg=\box73
\tikztreelevel=\count487
\tikznumberofchildren=\count488
\tikznumberofcurrentchild=\count489
\tikz@fig@count=\count490

(C:\Users\usuario\AppData\Local\Programs\MiKTeX2.9\tex/generic/pgf/modules\pgfm
odulematrix.code.tex
File: pgfmodulematrix.code.tex 2020/01/08 v3.1.5b (3.1.5b)
\pgfmatrixcurrentrow=\count491
\pgfmatrixcurrentcolumn=\count492
\pgf@matrix@numberofcolumns=\count493
)
\tikz@expandcount=\count494

(C:\Users\usuario\AppData\Local\Programs\MiKTeX2.9\tex/generic/pgf/frontendlaye
r/tikz/libraries\tikzlibrarytopaths.code.tex
File: tikzlibrarytopaths.code.tex 2020/01/08 v3.1.5b (3.1.5b)
)))
(C:\Users\usuario\AppData\Local\Programs\MiKTeX2.9\tex/generic/pgf/frontendlaye
r/tikz/libraries\tikzlibrarypositioning.code.tex
File: tikzlibrarypositioning.code.tex 2020/01/08 v3.1.5b (3.1.5b)
)
(C:\Users\usuario\AppData\Local\Programs\MiKTeX2.9\tex/generic/pgf/frontendlaye
r/tikz/libraries\tikzlibraryshadows.code.tex
File: tikzlibraryshadows.code.tex 2020/01/08 v3.1.5b (3.1.5b)

(C:\Users\usuario\AppData\Local\Programs\MiKTeX2.9\tex/generic/pgf/frontendlaye
r/tikz/libraries\tikzlibraryfadings.code.tex
File: tikzlibraryfadings.code.tex 2020/01/08 v3.1.5b (3.1.5b)

(C:\Users\usuario\AppData\Local\Programs\MiKTeX2.9\tex/generic/pgf/libraries\pg
flibraryfadings.code.tex
File: pgflibraryfadings.code.tex 2020/01/08 v3.1.5b (3.1.5b)
)))
\c@@todonotes@numberoftodonotes=\count495
)
\c@todocounter=\count496
\c@ubcomment=\count497

(C:\Users\usuario\AppData\Local\Programs\MiKTeX2.9\tex/latex/marginnote\marginn
ote.sty
Package: marginnote 2018/08/09 v1.4b non floating margin notes for LaTeX
\c@mn@abspage=\count498
)
(C:\Users\usuario\AppData\Local\Programs\MiKTeX2.9\tex/latex/base\inputenc.sty
Package: inputenc 2018/08/11 v1.3c Input encoding file
\inpenc@prehook=\toks54
\inpenc@posthook=\toks55
) (C:\Users\usuario\AppData\Local\Programs\MiKTeX2.9\tex/latex/base\fontenc.sty
Package: fontenc 2018/08/11 v2.0j Standard LaTeX package

(C:\Users\usuario\AppData\Local\Programs\MiKTeX2.9\tex/latex/base\t1enc.def
File: t1enc.def 2018/08/11 v2.0j Standard LaTeX file
LaTeX Font Info:    Redeclaring font encoding T1 on input line 48.
))
(C:\Users\usuario\AppData\Local\Programs\MiKTeX2.9\tex/latex/stmaryrd\stmaryrd.
sty
Package: stmaryrd 1994/03/03 St Mary's Road symbol package
\symstmry=\mathgroup10
LaTeX Font Info:    Overwriting symbol font `stmry' in version `bold'
(Font)                  U/stmry/m/n --> U/stmry/b/n on input line 89.
)
\symmatha=\mathgroup11
\symmathx=\mathgroup12
\c@thm=\count499
\c@defn=\count500
\c@lem=\count501
\c@cor=\count502
\c@prop=\count503
\c@rem=\count504

(C:\Users\usuario\AppData\Local\Programs\MiKTeX2.9\tex/latex/enumitem\enumitem.
sty
Package: enumitem 2019/06/20 v3.9 Customized lists
\labelindent=\skip103
\enit@outerparindent=\dimen295
\enit@toks=\toks56
\enit@inbox=\box74
\enit@count@id=\count505
\enitdp@description=\count506
)
(C:\Users\usuario\AppData\Local\Programs\MiKTeX2.9\tex/latex/framed\framed.sty
Package: framed 2011/10/22 v 0.96: framed or shaded text with page breaks
\OuterFrameSep=\skip104
\fb@frw=\dimen296
\fb@frh=\dimen297
\FrameRule=\dimen298
\FrameSep=\dimen299
)
(C:\Users\usuario\AppData\Local\Programs\MiKTeX2.9\tex/latex/comment\comment.st
y
\CommentStream=\write22
 Excluding comment 'comment')
(C:\Users\usuario\AppData\Local\Programs\MiKTeX2.9\tex/latex/nomencl\nomencl.st
y
Package: nomencl 2020/03/01 v5.4 Nomenclature package

(C:\Users\usuario\AppData\Local\Programs\MiKTeX2.9\tex/latex/koma-script\tocbas
ic.sty
Package: tocbasic 2020/01/24 v3.29 KOMA-Script package (handling toc-files)

(C:\Users\usuario\AppData\Local\Programs\MiKTeX2.9\tex/latex/koma-script\scrbas
e.sty
Package: scrbase 2020/01/24 v3.29 KOMA-Script package (KOMA-Script-independent 
basics and keyval usage)

(C:\Users\usuario\AppData\Local\Programs\MiKTeX2.9\tex/latex/koma-script\scrlfi
le.sty
Package: scrlfile 2020/01/24 v3.29 KOMA-Script package (loading files)
))
\scr@dte@tocline@numberwidth=\skip105
\scr@dte@tocline@numbox=\box75
)
Package tocbasic Info: setting babel extension for `nlo' on input line 179.
Package tocbasic Info: setting babel extension for `nls' on input line 180.
\nomlabelwidth=\dimen300
\nom@tempdim=\dimen301
\nomitemsep=\skip106
)
\@glossaryfile=\write23
\openout4 = `main.glo'.


Writing glossary file main.glo 
\@nomenclaturefile=\write24
\openout4 = `main.nlo'.

Package nomencl Info: Writing nomenclature file main.nlo on input line 450.
\@indexfile=\write25
\openout4 = `main.idx'.

Writing index file main.idx
\symhebrewletters=\mathgroup13
)
(C:\Users\usuario\AppData\Local\Programs\MiKTeX2.9\tex/latex/subfiles\subfiles.
sty
Package: subfiles 2020/02/14 v1.6 Multi-file projects (package)

(C:\Users\usuario\AppData\Local\Programs\MiKTeX2.9\tex/latex/import\import.sty
Package: import 2020/01/22  v 6.0
))
Package biblatex Info: Trying to load language 'spanish'...
Package biblatex Info: ... file 'spanish.lbx' found.

(C:\Users\usuario\AppData\Local\Programs\MiKTeX2.9\tex/latex/biblatex/lbx\spani
sh.lbx
File: spanish.lbx 2019/08/31 v3.13a biblatex localization (PK/MW)
)

Package csquotes Warning: Load 'inputenc' before 'csquotes' on input line 26.

Package csquotes Info: Checking for multilingual support...
Package csquotes Info: ... found 'babel' package.
(main.aux
LaTeX Info: Redefining \sptext on input line 24.
LaTeX Info: Redefining \. on input line 24.
LaTeX Info: Redefining \% on input line 24.
)
\openout1 = `main.aux'.

LaTeX Font Info:    Checking defaults for OML/cmm/m/it on input line 26.
LaTeX Font Info:    ... okay on input line 26.
LaTeX Font Info:    Checking defaults for T1/cmr/m/n on input line 26.
LaTeX Font Info:    ... okay on input line 26.
LaTeX Font Info:    Checking defaults for OT1/cmr/m/n on input line 26.
LaTeX Font Info:    ... okay on input line 26.
LaTeX Font Info:    Checking defaults for OMS/cmsy/m/n on input line 26.
LaTeX Font Info:    ... okay on input line 26.
LaTeX Font Info:    Checking defaults for OMX/cmex/m/n on input line 26.
LaTeX Font Info:    ... okay on input line 26.
LaTeX Font Info:    Checking defaults for U/mathx/m/n on input line 26.
LaTeX Font Info:    ... okay on input line 26.
LaTeX Font Info:    Checking defaults for PD1/pdf/m/n on input line 26.
LaTeX Font Info:    ... okay on input line 26.
LaTeX Font Info:    Checking defaults for TS1/cmr/m/n on input line 26.
LaTeX Font Info:    Trying to load font information for TS1+cmr on input line 2
6.

(C:\Users\usuario\AppData\Local\Programs\MiKTeX2.9\tex/latex/base\ts1cmr.fd
File: ts1cmr.fd 2014/09/29 v2.5h Standard LaTeX font definitions
)
LaTeX Font Info:    ... okay on input line 26.
Package biblatex Info: Input encoding 'utf8' detected.
Package biblatex Info: Automatic encoding selection.
(biblatex)             Assuming data encoding 'utf8'.
\openout3 = `main.bcf'.

Package biblatex Info: Trying to load bibliographic data...
Package biblatex Info: ... file 'main.bbl' found.

(main.bbl

Package biblatex Warning: The following entry could not be found
(biblatex)                in the database:
(biblatex)                weideman2000matlab
(biblatex)                Please verify the spelling and rerun
(biblatex)                LaTeX afterwards.

)
Package biblatex Info: Reference section=0 on input line 26.
Package biblatex Info: Reference segment=0 on input line 26.
\AtBeginShipoutBox=\box76
Package hyperref Info: Link coloring ON on input line 26.

(C:\Users\usuario\AppData\Local\Programs\MiKTeX2.9\tex/latex/hyperref\nameref.s
ty
Package: nameref 2019/09/16 v2.46 Cross-referencing by name of section

(C:\Users\usuario\AppData\Local\Programs\MiKTeX2.9\tex/latex/oberdiek\refcount.
sty
Package: refcount 2016/05/16 v3.5 Data extraction from label references (HO)
)
(C:\Users\usuario\AppData\Local\Programs\MiKTeX2.9\tex/generic/oberdiek\gettitl
estring.sty
Package: gettitlestring 2016/05/16 v1.5 Cleanup title references (HO)
)
\c@section@level=\count507
)
LaTeX Info: Redefining \ref on input line 26.
LaTeX Info: Redefining \pageref on input line 26.
LaTeX Info: Redefining \nameref on input line 26.
 (main.out) (main.out)
\@outlinefile=\write26
\openout4 = `main.out'.

Package caption Info: Begin \AtBeginDocument code.
Package caption Info: float package is loaded.
Package caption Info: listings package is loaded.
Package caption Info: End \AtBeginDocument code.

(C:\Users\usuario\AppData\Local\Programs\MiKTeX2.9\tex/context/base/mkii\supp-p
df.mkii
[Loading MPS to PDF converter (version 2006.09.02).]
\scratchcounter=\count508
\scratchdimen=\dimen302
\scratchbox=\box77
\nofMPsegments=\count509
\nofMParguments=\count510
\everyMPshowfont=\toks57
\MPscratchCnt=\count511
\MPscratchDim=\dimen303
\MPnumerator=\count512
\makeMPintoPDFobject=\count513
\everyMPtoPDFconversion=\toks58
)
(C:\Users\usuario\AppData\Local\Programs\MiKTeX2.9\tex/latex/epstopdf-pkg\epsto
pdf-base.sty
Package: epstopdf-base 2019/11/24 v2.7 Base part for package epstopdf

(C:\Users\usuario\AppData\Local\Programs\MiKTeX2.9\tex/latex/oberdiek\grfext.st
y
Package: grfext 2016/05/16 v1.2 Manage graphics extensions (HO)
)
Package epstopdf-base Info: Redefining graphics rule for `.eps' on input line 4
42.
Package grfext Info: Graphics extension search list:
(grfext)             [.pdf,.png,.jpg,.mps,.jpeg,.jbig2,.jb2,.PDF,.PNG,.JPG,.JPE
G,.JBIG2,.JB2,.eps]
(grfext)             \AppendGraphicsExtensions on input line 460.
)
\c@lstlisting=\count514
 ABD: EveryShipout initializing macros
LaTeX Info: Redefining \sptext on input line 26.
LaTeX Info: Redefining \. on input line 26.
LaTeX Info: Redefining \% on input line 26.
 (cover.tex
\openout4 = `main.mw'.

 [1





{C:/Users/usuario/AppData/Local/MiKTeX/2.9/pdftex/config/pdftex.map}] (main.mw)
\openout4 = `main.mw'.

) (abstract.tex)
\openout4 = `main.mw'.


[2] (main.mw)
\openout4 = `main.mw'.

 (main.toc
LaTeX Info: Redefining \sptext on input line 2.
LaTeX Info: Redefining \. on input line 2.
LaTeX Info: Redefining \% on input line 2.
LaTeX Font Info:    Trying to load font information for U+msa on input line 10.


(C:\Users\usuario\AppData\Local\Programs\MiKTeX2.9\tex/latex/amsfonts\umsa.fd
File: umsa.fd 2013/01/14 v3.01 AMS symbols A
)
LaTeX Font Info:    Trying to load font information for U+msb on input line 10.


(C:\Users\usuario\AppData\Local\Programs\MiKTeX2.9\tex/latex/amsfonts\umsb.fd
File: umsb.fd 2013/01/14 v3.01 AMS symbols B
)
LaTeX Font Info:    Trying to load font information for U+lasy on input line 10
.

(C:\Users\usuario\AppData\Local\Programs\MiKTeX2.9\tex/latex/base\ulasy.fd
File: ulasy.fd 1998/08/17 v2.2e LaTeX symbol font definitions
)
LaTeX Font Info:    Trying to load font information for U+bbold on input line 1
0.

(C:\Users\usuario\AppData\Local\Programs\MiKTeX2.9\tex/latex/jknappen\ubbold.fd
File: ubbold.fd 1996/01/01 Blackboard Bold Font Definition File (jk)
)
LaTeX Font Info:    Trying to load font information for U+rsfs on input line 10
.

(C:\Users\usuario\AppData\Local\Programs\MiKTeX2.9\tex/latex/jknappen\ursfs.fd
File: ursfs.fd 1998/03/24 rsfs font definition file (jk)
)
LaTeX Font Info:    Trying to load font information for U+wasy on input line 10
.
(C:\Users\usuario\AppData\Local\Programs\MiKTeX2.9\tex/latex/wasysym\uwasy.fd
File: uwasy.fd 2020/01/19 v2.4 Wasy-2 symbol font definitions
)
LaTeX Font Info:    Trying to load font information for U+stmry on input line 1
0.

(C:\Users\usuario\AppData\Local\Programs\MiKTeX2.9\tex/latex/stmaryrd\ustmry.fd
))
\tf@toc=\write27
\openout4 = `main.toc'.

\openout4 = `main.mw'.

 [3

] (main.mw)
\openout4 = `main.mw'.

\openout4 = `main.mw'.

\openout4 = `main.mw'.

\openout4 = `main.mw'.

 [4

] (main.mw)
\openout4 = `main.mw'.

 (introduction.tex) (chapter1.tex
\openout4 = `main.mw'.

 [1

] (main.mw)
\openout4 = `main.mw'.

\openout4 = `main.mw'.

\openout4 = `main.mw'.

LaTeX Info: Redefining \sptext on input line 9.
LaTeX Info: Redefining \. on input line 9.
LaTeX Info: Redefining \% on input line 9.
\openout4 = `main.mw'.


[2] (main.mw)
\openout4 = `main.mw'.


Cap\'{\i }tulo 1.
\openout4 = `main.mw'.

[3

] (main.mw)
\openout4 = `main.mw'.

\openout4 = `main.mw'.

\openout4 = `main.mw'.

\openout4 = `main.mw'.

\openout4 = `main.mw'.

LaTeX Info: Redefining \sptext on input line 37.
LaTeX Info: Redefining \. on input line 37.
LaTeX Info: Redefining \% on input line 37.
\openout4 = `main.mw'.

 [4] (main.mw)
\openout4 = `main.mw'.

) (chapter2.tex
LaTeX Info: Redefining \sptext on input line 16.
LaTeX Info: Redefining \. on input line 16.
LaTeX Info: Redefining \% on input line 16.
\openout4 = `main.mw'.

 [5] (main.mw)
\openout4 = `main.mw'.

\openout4 = `main.mw'.

\openout4 = `main.mw'.

LaTeX Info: Redefining \sptext on input line 33.
LaTeX Info: Redefining \. on input line 33.
LaTeX Info: Redefining \% on input line 33.
\openout4 = `main.mw'.

 [6] (main.mw)
\openout4 = `main.mw'.

LaTeX Info: Redefining \sptext on input line 57.
LaTeX Info: Redefining \. on input line 57.
LaTeX Info: Redefining \% on input line 57.
\openout4 = `main.mw'.

 [7]
(main.mw)
\openout4 = `main.mw'.

) (chapter3.tex
LaTeX Info: Redefining \sptext on input line 8.
LaTeX Info: Redefining \. on input line 8.
LaTeX Info: Redefining \% on input line 8.
\openout4 = `main.mw'.

 [8] (main.mw)
\openout4 = `main.mw'.


Cap\'{\i }tulo 2.
\openout4 = `main.mw'.

[9

] (main.mw)
\openout4 = `main.mw'.

\openout4 = `main.mw'.

\openout4 = `main.mw'.

LaTeX Info: Redefining \sptext on input line 38.
LaTeX Info: Redefining \. on input line 38.
LaTeX Info: Redefining \% on input line 38.
\openout4 = `main.mw'.

 [10] (main.mw)
\openout4 = `main.mw'.

\openout4 = `main.mw'.

\openout4 = `main.mw'.

\openout4 = `main.mw'.

\openout4 = `main.mw'.

LaTeX Info: Redefining \sptext on input line 53.
LaTeX Info: Redefining \. on input line 53.
LaTeX Info: Redefining \% on input line 53.
\openout4 = `main.mw'.

 [11] (main.mw)
\openout4 = `main.mw'.

LaTeX Info: Redefining \sptext on input line 77.
LaTeX Info: Redefining \. on input line 77.
LaTeX Info: Redefining \% on input line 77.
\openout4 = `main.mw'.

 [12] (main.mw)
\openout4 = `main.mw'.

\openout4 = `main.mw'.

\openout4 = `main.mw'.

LaTeX Info: Redefining \sptext on input line 104.
LaTeX Info: Redefining \. on input line 104.
LaTeX Info: Redefining \% on input line 104.
\openout4 = `main.mw'.

 [13] (main.mw)
\openout4 = `main.mw'.

)
(chapter4.tex
LaTeX Info: Redefining \sptext on input line 9.
LaTeX Info: Redefining \. on input line 9.
LaTeX Info: Redefining \% on input line 9.
\openout4 = `main.mw'.

 [14] (main.mw)
\openout4 = `main.mw'.

\openout4 = `main.mw'.

\openout4 = `main.mw'.

\openout4 = `main.mw'.

\openout4 = `main.mw'.

)
\openout4 = `main.mw'.

 [15

] (main.mw)
\openout4 = `main.mw'.

\openout4 = `main.mw'.

 [16

] (main.mw)
\openout4 = `main.mw'.

LaTeX Font Info:    Trying to load font information for T1+cmtt on input line 1
03.

(C:\Users\usuario\AppData\Local\Programs\MiKTeX2.9\tex/latex/base\t1cmtt.fd
File: t1cmtt.fd 2014/09/29 v2.5h Standard LaTeX font definitions
)
Overfull \hbox (67.29065pt too wide) in paragraph at lines 111--111
\T1/cmtt/m/n/10 cdsmdg / 04vida / gocesesteticos / seminarioestrategiasppm / pa
rapensarmejor /
 []

\openout4 = `main.mw'.

[17

] (main.mw)
\openout4 = `main.mw'.

\openout4 = `main.mw'.

\openout4 = `main.mw'.

Package atveryend Info: Empty hook `BeforeClearDocument' on input line 112.
Package atveryend Info: Empty hook `AfterLastShipout' on input line 112.
 (main.aux
\openout4 = `main.mw'.

\openout4 = `main.mw'.

LaTeX Info: Redefining \sptext on input line 24.
LaTeX Info: Redefining \. on input line 24.
LaTeX Info: Redefining \% on input line 24.
\openout4 = `main.mw'.

\openout4 = `main.mw'.

\openout4 = `main.mw'.

\openout4 = `main.mw'.

\openout4 = `main.mw'.

\openout4 = `main.mw'.

\openout4 = `main.mw'.

\openout4 = `main.mw'.

\openout4 = `main.mw'.

\openout4 = `main.mw'.

\openout4 = `main.mw'.

\openout4 = `main.mw'.

\openout4 = `main.mw'.

\openout4 = `main.mw'.

\openout4 = `main.mw'.

\openout4 = `main.mw'.

\openout4 = `main.mw'.

\openout4 = `main.mw'.

\openout4 = `main.mw'.

\openout4 = `main.mw'.

\openout4 = `main.mw'.

\openout4 = `main.mw'.

\openout4 = `main.mw'.

\openout4 = `main.mw'.

\openout4 = `main.mw'.

\openout4 = `main.mw'.

\openout4 = `main.mw'.

\openout4 = `main.mw'.

\openout4 = `main.mw'.

\openout4 = `main.mw'.

\openout4 = `main.mw'.

\openout4 = `main.mw'.

\openout4 = `main.mw'.

\openout4 = `main.mw'.

\openout4 = `main.mw'.

\openout4 = `main.mw'.

\openout4 = `main.mw'.

\openout4 = `main.mw'.

\openout4 = `main.mw'.

\openout4 = `main.mw'.

\openout4 = `main.mw'.

\openout4 = `main.mw'.

\openout4 = `main.mw'.

\openout4 = `main.mw'.

\openout4 = `main.mw'.

\openout4 = `main.mw'.

\openout4 = `main.mw'.

\openout4 = `main.mw'.

\openout4 = `main.mw'.

\openout4 = `main.mw'.

)
Package atveryend Info: Executing hook `AtVeryEndDocument' on input line 112.
Package atveryend Info: Executing hook `AtEndAfterFileList' on input line 112.
\openout4 = `main.out'.

Package rerunfilecheck Info: File `main.out' has not changed.
(rerunfilecheck)             Checksum: 870FAB32178A9CD2AB83B38FE5B19DE6;844.
Package logreq Info: Writing requests to 'main.run.xml'.
\openout1 = `main.run.xml'.

\openout4 = `main.glo'.

\openout4 = `main.nlo'.

\openout4 = `main.idx'.

\openout4 = `main.toc'.

 ) 
Here is how much of TeX's memory you used:
 46273 strings out of 492484
 876728 string characters out of 3121174
 1442697 words of memory out of 3000000
 49775 multiletter control sequences out of 15000+200000
 550199 words of font info for 71 fonts, out of 3000000 for 9000
 1141 hyphenation exceptions out of 8191
 67i,12n,87p,1425b,2007s stack positions out of 5000i,500n,10000p,200000b,50000s
 <C:\Users\usuario\AppData\Local\MiKTeX\2.9\fonts/pk/ljfour/jknappen/ec/dpi60
0\ectt1000.pk> <C:\Users\usuario\AppData\Local\MiKTeX\2.9\fonts/pk/ljfour/jknap
pen/ec/dpi600\ecbx2074.pk> <C:\Users\usuario\AppData\Local\MiKTeX\2.9\fonts/pk/
ljfour/jknappen/ec/dpi600\ecxc1000.pk> <C:\Users\usuario\AppData\Local\MiKTeX\2
.9\fonts/pk/ljfour/jknappen/ec/dpi600\ecbx1000.pk> <C:\Users\usuario\AppData\Lo
cal\MiKTeX\2.9\fonts/pk/ljfour/jknappen/ec/dpi600\ecbx2488.pk> <C:\Users\usuari
o\AppData\Local\MiKTeX\2.9\fonts/pk/ljfour/jknappen/ec/dpi600\ecrm1000.pk> <C:\
Users\usuario\AppData\Local\MiKTeX\2.9\fonts/pk/ljfour/jknappen/ec/dpi600\ecti1
000.pk> <C:\Users\usuario\AppData\Local\MiKTeX\2.9\fonts/pk/ljfour/jknappen/ec/
dpi600\eccc1000.pk> <C:\Users\usuario\AppData\Local\MiKTeX\2.9\fonts/pk/ljfour/
jknappen/ec/dpi600\ecrm0900.pk> <C:\Users\usuario\AppData\Local\MiKTeX\2.9\font
s/pk/ljfour/jknappen/ec/dpi600\ecrm1200.pk> <C:\Users\usuario\AppData\Local\MiK
TeX\2.9\fonts/pk/ljfour/jknappen/ec/dpi600\eccc1200.pk> <C:\Users\usuario\AppDa
ta\Local\MiKTeX\2.9\fonts/pk/ljfour/jknappen/ec/dpi600\ecbx1440.pk><C:/Users/us
uario/AppData/Local/Programs/MiKTeX2.9/fonts/type1/public/amsfonts/cm/cmmi10.pf
b><C:/Users/usuario/AppData/Local/Programs/MiKTeX2.9/fonts/type1/public/amsfont
s/cm/cmr10.pfb><C:/Users/usuario/AppData/Local/Programs/MiKTeX2.9/fonts/type1/p
ublic/amsfonts/cm/cmr7.pfb><C:/Users/usuario/AppData/Local/Programs/MiKTeX2.9/f
onts/type1/public/amsfonts/cm/cmsy10.pfb>
Output written on main.pdf (21 pages, 237453 bytes).
PDF statistics:
 661 PDF objects out of 1000 (max. 8388607)
 47 named destinations out of 1000 (max. 500000)
 205 words of extra memory for PDF output out of 10000 (max. 10000000)

